[2024-05-09T06:23:44.259+0000] {processor.py:154} INFO - Started process (PID=82) to work on /home/airflow/.local/lib/python3.7/site-packages/airflow/example_dags/example_trigger_controller_dag.py
[2024-05-09T06:23:44.260+0000] {processor.py:756} INFO - Processing file /home/airflow/.local/lib/python3.7/site-packages/airflow/example_dags/example_trigger_controller_dag.py for tasks to queue
[2024-05-09T06:23:44.263+0000] {logging_mixin.py:120} INFO - [2024-05-09T06:23:44.263+0000] {dagbag.py:537} INFO - Filling up the DagBag from /home/airflow/.local/lib/python3.7/site-packages/airflow/example_dags/example_trigger_controller_dag.py
[2024-05-09T06:23:44.298+0000] {processor.py:766} INFO - DAG(s) dict_keys(['example_trigger_controller_dag']) retrieved from /home/airflow/.local/lib/python3.7/site-packages/airflow/example_dags/example_trigger_controller_dag.py
[2024-05-09T06:23:44.641+0000] {logging_mixin.py:120} INFO - [2024-05-09T06:23:44.641+0000] {manager.py:507} INFO - Created Permission View: can delete on DAG:example_trigger_controller_dag
[2024-05-09T06:23:44.666+0000] {logging_mixin.py:120} INFO - [2024-05-09T06:23:44.666+0000] {manager.py:507} INFO - Created Permission View: can edit on DAG:example_trigger_controller_dag
[2024-05-09T06:23:44.695+0000] {logging_mixin.py:120} INFO - [2024-05-09T06:23:44.694+0000] {manager.py:507} INFO - Created Permission View: can read on DAG:example_trigger_controller_dag
[2024-05-09T06:23:44.696+0000] {logging_mixin.py:120} INFO - [2024-05-09T06:23:44.696+0000] {dag.py:2585} INFO - Sync 1 DAGs
[2024-05-09T06:23:44.723+0000] {logging_mixin.py:120} INFO - [2024-05-09T06:23:44.723+0000] {dag.py:2606} INFO - Creating ORM DAG for example_trigger_controller_dag
[2024-05-09T06:23:44.781+0000] {logging_mixin.py:120} INFO - [2024-05-09T06:23:44.781+0000] {dag.py:3340} INFO - Setting next_dagrun for example_trigger_controller_dag to 2021-01-01T00:00:00+00:00, run_after=2021-01-01T00:00:00+00:00
[2024-05-09T06:23:44.862+0000] {processor.py:176} INFO - Processing /home/airflow/.local/lib/python3.7/site-packages/airflow/example_dags/example_trigger_controller_dag.py took 0.606 seconds
[2024-05-09T06:24:15.662+0000] {processor.py:154} INFO - Started process (PID=136) to work on /home/airflow/.local/lib/python3.7/site-packages/airflow/example_dags/example_trigger_controller_dag.py
[2024-05-09T06:24:15.663+0000] {processor.py:756} INFO - Processing file /home/airflow/.local/lib/python3.7/site-packages/airflow/example_dags/example_trigger_controller_dag.py for tasks to queue
[2024-05-09T06:24:15.665+0000] {logging_mixin.py:120} INFO - [2024-05-09T06:24:15.665+0000] {dagbag.py:537} INFO - Filling up the DagBag from /home/airflow/.local/lib/python3.7/site-packages/airflow/example_dags/example_trigger_controller_dag.py
[2024-05-09T06:24:15.746+0000] {processor.py:766} INFO - DAG(s) dict_keys(['example_trigger_controller_dag']) retrieved from /home/airflow/.local/lib/python3.7/site-packages/airflow/example_dags/example_trigger_controller_dag.py
[2024-05-09T06:24:15.950+0000] {logging_mixin.py:120} INFO - [2024-05-09T06:24:15.950+0000] {dag.py:2585} INFO - Sync 1 DAGs
[2024-05-09T06:24:16.100+0000] {logging_mixin.py:120} INFO - [2024-05-09T06:24:16.100+0000] {dag.py:3340} INFO - Setting next_dagrun for example_trigger_controller_dag to 2021-01-01T00:00:00+00:00, run_after=2021-01-01T00:00:00+00:00
[2024-05-09T06:24:16.167+0000] {processor.py:176} INFO - Processing /home/airflow/.local/lib/python3.7/site-packages/airflow/example_dags/example_trigger_controller_dag.py took 0.509 seconds
[2024-05-09T06:24:48.417+0000] {processor.py:154} INFO - Started process (PID=190) to work on /home/airflow/.local/lib/python3.7/site-packages/airflow/example_dags/example_trigger_controller_dag.py
[2024-05-09T06:24:48.422+0000] {processor.py:756} INFO - Processing file /home/airflow/.local/lib/python3.7/site-packages/airflow/example_dags/example_trigger_controller_dag.py for tasks to queue
[2024-05-09T06:24:48.425+0000] {logging_mixin.py:120} INFO - [2024-05-09T06:24:48.424+0000] {dagbag.py:537} INFO - Filling up the DagBag from /home/airflow/.local/lib/python3.7/site-packages/airflow/example_dags/example_trigger_controller_dag.py
[2024-05-09T06:24:48.456+0000] {processor.py:766} INFO - DAG(s) dict_keys(['example_trigger_controller_dag']) retrieved from /home/airflow/.local/lib/python3.7/site-packages/airflow/example_dags/example_trigger_controller_dag.py
[2024-05-09T06:24:48.598+0000] {logging_mixin.py:120} INFO - [2024-05-09T06:24:48.597+0000] {dag.py:2585} INFO - Sync 1 DAGs
[2024-05-09T06:24:48.716+0000] {logging_mixin.py:120} INFO - [2024-05-09T06:24:48.716+0000] {dag.py:3340} INFO - Setting next_dagrun for example_trigger_controller_dag to 2021-01-01T00:00:00+00:00, run_after=2021-01-01T00:00:00+00:00
[2024-05-09T06:24:48.805+0000] {processor.py:176} INFO - Processing /home/airflow/.local/lib/python3.7/site-packages/airflow/example_dags/example_trigger_controller_dag.py took 0.394 seconds
