[2024-05-09T06:23:30.836+0000] {processor.py:154} INFO - Started process (PID=55) to work on /home/airflow/.local/lib/python3.7/site-packages/airflow/example_dags/example_kubernetes_executor.py
[2024-05-09T06:23:30.839+0000] {processor.py:756} INFO - Processing file /home/airflow/.local/lib/python3.7/site-packages/airflow/example_dags/example_kubernetes_executor.py for tasks to queue
[2024-05-09T06:23:30.845+0000] {logging_mixin.py:120} INFO - [2024-05-09T06:23:30.844+0000] {dagbag.py:537} INFO - Filling up the DagBag from /home/airflow/.local/lib/python3.7/site-packages/airflow/example_dags/example_kubernetes_executor.py
[2024-05-09T06:23:30.912+0000] {processor.py:766} INFO - DAG(s) dict_keys(['example_kubernetes_executor']) retrieved from /home/airflow/.local/lib/python3.7/site-packages/airflow/example_dags/example_kubernetes_executor.py
[2024-05-09T06:23:31.217+0000] {logging_mixin.py:120} INFO - [2024-05-09T06:23:31.216+0000] {manager.py:507} INFO - Created Permission View: can delete on DAG:example_kubernetes_executor
[2024-05-09T06:23:31.242+0000] {logging_mixin.py:120} INFO - [2024-05-09T06:23:31.242+0000] {manager.py:507} INFO - Created Permission View: can edit on DAG:example_kubernetes_executor
[2024-05-09T06:23:31.267+0000] {logging_mixin.py:120} INFO - [2024-05-09T06:23:31.267+0000] {manager.py:507} INFO - Created Permission View: can read on DAG:example_kubernetes_executor
[2024-05-09T06:23:31.270+0000] {logging_mixin.py:120} INFO - [2024-05-09T06:23:31.270+0000] {dag.py:2585} INFO - Sync 1 DAGs
[2024-05-09T06:23:31.306+0000] {logging_mixin.py:120} INFO - [2024-05-09T06:23:31.305+0000] {dag.py:2606} INFO - Creating ORM DAG for example_kubernetes_executor
[2024-05-09T06:23:31.356+0000] {logging_mixin.py:120} INFO - [2024-05-09T06:23:31.356+0000] {dag.py:3340} INFO - Setting next_dagrun for example_kubernetes_executor to None, run_after=None
[2024-05-09T06:23:31.492+0000] {processor.py:176} INFO - Processing /home/airflow/.local/lib/python3.7/site-packages/airflow/example_dags/example_kubernetes_executor.py took 0.670 seconds
[2024-05-09T06:24:02.223+0000] {processor.py:154} INFO - Started process (PID=109) to work on /home/airflow/.local/lib/python3.7/site-packages/airflow/example_dags/example_kubernetes_executor.py
[2024-05-09T06:24:02.226+0000] {processor.py:756} INFO - Processing file /home/airflow/.local/lib/python3.7/site-packages/airflow/example_dags/example_kubernetes_executor.py for tasks to queue
[2024-05-09T06:24:02.229+0000] {logging_mixin.py:120} INFO - [2024-05-09T06:24:02.229+0000] {dagbag.py:537} INFO - Filling up the DagBag from /home/airflow/.local/lib/python3.7/site-packages/airflow/example_dags/example_kubernetes_executor.py
[2024-05-09T06:24:02.332+0000] {processor.py:766} INFO - DAG(s) dict_keys(['example_kubernetes_executor']) retrieved from /home/airflow/.local/lib/python3.7/site-packages/airflow/example_dags/example_kubernetes_executor.py
[2024-05-09T06:24:02.457+0000] {logging_mixin.py:120} INFO - [2024-05-09T06:24:02.457+0000] {dag.py:2585} INFO - Sync 1 DAGs
[2024-05-09T06:24:02.503+0000] {logging_mixin.py:120} INFO - [2024-05-09T06:24:02.503+0000] {dag.py:3340} INFO - Setting next_dagrun for example_kubernetes_executor to None, run_after=None
[2024-05-09T06:24:02.563+0000] {processor.py:176} INFO - Processing /home/airflow/.local/lib/python3.7/site-packages/airflow/example_dags/example_kubernetes_executor.py took 0.345 seconds
[2024-05-09T06:24:33.512+0000] {processor.py:154} INFO - Started process (PID=163) to work on /home/airflow/.local/lib/python3.7/site-packages/airflow/example_dags/example_kubernetes_executor.py
[2024-05-09T06:24:33.514+0000] {processor.py:756} INFO - Processing file /home/airflow/.local/lib/python3.7/site-packages/airflow/example_dags/example_kubernetes_executor.py for tasks to queue
[2024-05-09T06:24:33.517+0000] {logging_mixin.py:120} INFO - [2024-05-09T06:24:33.517+0000] {dagbag.py:537} INFO - Filling up the DagBag from /home/airflow/.local/lib/python3.7/site-packages/airflow/example_dags/example_kubernetes_executor.py
[2024-05-09T06:24:33.804+0000] {processor.py:766} INFO - DAG(s) dict_keys(['example_kubernetes_executor']) retrieved from /home/airflow/.local/lib/python3.7/site-packages/airflow/example_dags/example_kubernetes_executor.py
[2024-05-09T06:24:33.958+0000] {logging_mixin.py:120} INFO - [2024-05-09T06:24:33.958+0000] {dag.py:2585} INFO - Sync 1 DAGs
[2024-05-09T06:24:34.046+0000] {logging_mixin.py:120} INFO - [2024-05-09T06:24:34.046+0000] {dag.py:3340} INFO - Setting next_dagrun for example_kubernetes_executor to None, run_after=None
[2024-05-09T06:24:34.133+0000] {processor.py:176} INFO - Processing /home/airflow/.local/lib/python3.7/site-packages/airflow/example_dags/example_kubernetes_executor.py took 0.625 seconds
