[2024-05-09T06:23:33.927+0000] {processor.py:154} INFO - Started process (PID=69) to work on /home/airflow/.local/lib/python3.7/site-packages/airflow/example_dags/example_branch_day_of_week_operator.py
[2024-05-09T06:23:33.949+0000] {processor.py:756} INFO - Processing file /home/airflow/.local/lib/python3.7/site-packages/airflow/example_dags/example_branch_day_of_week_operator.py for tasks to queue
[2024-05-09T06:23:33.967+0000] {logging_mixin.py:120} INFO - [2024-05-09T06:23:33.959+0000] {dagbag.py:537} INFO - Filling up the DagBag from /home/airflow/.local/lib/python3.7/site-packages/airflow/example_dags/example_branch_day_of_week_operator.py
[2024-05-09T06:23:34.172+0000] {processor.py:766} INFO - DAG(s) dict_keys(['example_weekday_branch_operator']) retrieved from /home/airflow/.local/lib/python3.7/site-packages/airflow/example_dags/example_branch_day_of_week_operator.py
[2024-05-09T06:23:35.441+0000] {logging_mixin.py:120} INFO - [2024-05-09T06:23:35.440+0000] {manager.py:507} INFO - Created Permission View: can delete on DAG:example_weekday_branch_operator
[2024-05-09T06:23:35.522+0000] {logging_mixin.py:120} INFO - [2024-05-09T06:23:35.521+0000] {manager.py:507} INFO - Created Permission View: can edit on DAG:example_weekday_branch_operator
[2024-05-09T06:23:35.601+0000] {logging_mixin.py:120} INFO - [2024-05-09T06:23:35.601+0000] {manager.py:507} INFO - Created Permission View: can read on DAG:example_weekday_branch_operator
[2024-05-09T06:23:35.621+0000] {logging_mixin.py:120} INFO - [2024-05-09T06:23:35.621+0000] {dag.py:2585} INFO - Sync 1 DAGs
[2024-05-09T06:23:35.734+0000] {logging_mixin.py:120} INFO - [2024-05-09T06:23:35.734+0000] {dag.py:2606} INFO - Creating ORM DAG for example_weekday_branch_operator
[2024-05-09T06:23:35.819+0000] {logging_mixin.py:120} INFO - [2024-05-09T06:23:35.819+0000] {dag.py:3340} INFO - Setting next_dagrun for example_weekday_branch_operator to 2024-05-08T00:00:00+00:00, run_after=2024-05-09T00:00:00+00:00
[2024-05-09T06:23:35.993+0000] {processor.py:176} INFO - Processing /home/airflow/.local/lib/python3.7/site-packages/airflow/example_dags/example_branch_day_of_week_operator.py took 2.075 seconds
[2024-05-09T06:24:06.183+0000] {processor.py:154} INFO - Started process (PID=114) to work on /home/airflow/.local/lib/python3.7/site-packages/airflow/example_dags/example_branch_day_of_week_operator.py
[2024-05-09T06:24:06.187+0000] {processor.py:756} INFO - Processing file /home/airflow/.local/lib/python3.7/site-packages/airflow/example_dags/example_branch_day_of_week_operator.py for tasks to queue
[2024-05-09T06:24:06.191+0000] {logging_mixin.py:120} INFO - [2024-05-09T06:24:06.191+0000] {dagbag.py:537} INFO - Filling up the DagBag from /home/airflow/.local/lib/python3.7/site-packages/airflow/example_dags/example_branch_day_of_week_operator.py
[2024-05-09T06:24:06.228+0000] {processor.py:766} INFO - DAG(s) dict_keys(['example_weekday_branch_operator']) retrieved from /home/airflow/.local/lib/python3.7/site-packages/airflow/example_dags/example_branch_day_of_week_operator.py
[2024-05-09T06:24:06.677+0000] {logging_mixin.py:120} INFO - [2024-05-09T06:24:06.677+0000] {dag.py:2585} INFO - Sync 1 DAGs
[2024-05-09T06:24:06.764+0000] {logging_mixin.py:120} INFO - [2024-05-09T06:24:06.764+0000] {dag.py:3340} INFO - Setting next_dagrun for example_weekday_branch_operator to 2024-05-08T00:00:00+00:00, run_after=2024-05-09T00:00:00+00:00
[2024-05-09T06:24:06.837+0000] {processor.py:176} INFO - Processing /home/airflow/.local/lib/python3.7/site-packages/airflow/example_dags/example_branch_day_of_week_operator.py took 0.660 seconds
[2024-05-09T06:24:37.783+0000] {processor.py:154} INFO - Started process (PID=177) to work on /home/airflow/.local/lib/python3.7/site-packages/airflow/example_dags/example_branch_day_of_week_operator.py
[2024-05-09T06:24:37.787+0000] {processor.py:756} INFO - Processing file /home/airflow/.local/lib/python3.7/site-packages/airflow/example_dags/example_branch_day_of_week_operator.py for tasks to queue
[2024-05-09T06:24:37.789+0000] {logging_mixin.py:120} INFO - [2024-05-09T06:24:37.789+0000] {dagbag.py:537} INFO - Filling up the DagBag from /home/airflow/.local/lib/python3.7/site-packages/airflow/example_dags/example_branch_day_of_week_operator.py
[2024-05-09T06:24:37.845+0000] {processor.py:766} INFO - DAG(s) dict_keys(['example_weekday_branch_operator']) retrieved from /home/airflow/.local/lib/python3.7/site-packages/airflow/example_dags/example_branch_day_of_week_operator.py
[2024-05-09T06:24:38.027+0000] {logging_mixin.py:120} INFO - [2024-05-09T06:24:38.024+0000] {dag.py:2585} INFO - Sync 1 DAGs
[2024-05-09T06:24:38.419+0000] {logging_mixin.py:120} INFO - [2024-05-09T06:24:38.410+0000] {dag.py:3340} INFO - Setting next_dagrun for example_weekday_branch_operator to 2024-05-08T00:00:00+00:00, run_after=2024-05-09T00:00:00+00:00
[2024-05-09T06:24:38.722+0000] {processor.py:176} INFO - Processing /home/airflow/.local/lib/python3.7/site-packages/airflow/example_dags/example_branch_day_of_week_operator.py took 0.997 seconds
