[2024-05-09T06:23:46.218+0000] {processor.py:154} INFO - Started process (PID=85) to work on /home/airflow/.local/lib/python3.7/site-packages/airflow/example_dags/example_short_circuit_operator.py
[2024-05-09T06:23:46.222+0000] {processor.py:756} INFO - Processing file /home/airflow/.local/lib/python3.7/site-packages/airflow/example_dags/example_short_circuit_operator.py for tasks to queue
[2024-05-09T06:23:46.229+0000] {logging_mixin.py:120} INFO - [2024-05-09T06:23:46.224+0000] {dagbag.py:537} INFO - Filling up the DagBag from /home/airflow/.local/lib/python3.7/site-packages/airflow/example_dags/example_short_circuit_operator.py
[2024-05-09T06:23:46.634+0000] {processor.py:766} INFO - DAG(s) dict_keys(['example_short_circuit_operator']) retrieved from /home/airflow/.local/lib/python3.7/site-packages/airflow/example_dags/example_short_circuit_operator.py
[2024-05-09T06:23:47.338+0000] {logging_mixin.py:120} INFO - [2024-05-09T06:23:47.338+0000] {manager.py:507} INFO - Created Permission View: can delete on DAG:example_short_circuit_operator
[2024-05-09T06:23:47.367+0000] {logging_mixin.py:120} INFO - [2024-05-09T06:23:47.367+0000] {manager.py:507} INFO - Created Permission View: can edit on DAG:example_short_circuit_operator
[2024-05-09T06:23:47.389+0000] {logging_mixin.py:120} INFO - [2024-05-09T06:23:47.388+0000] {manager.py:507} INFO - Created Permission View: can read on DAG:example_short_circuit_operator
[2024-05-09T06:23:47.392+0000] {logging_mixin.py:120} INFO - [2024-05-09T06:23:47.391+0000] {dag.py:2585} INFO - Sync 1 DAGs
[2024-05-09T06:23:47.431+0000] {logging_mixin.py:120} INFO - [2024-05-09T06:23:47.431+0000] {dag.py:2606} INFO - Creating ORM DAG for example_short_circuit_operator
[2024-05-09T06:23:47.453+0000] {logging_mixin.py:120} INFO - [2024-05-09T06:23:47.453+0000] {dag.py:3340} INFO - Setting next_dagrun for example_short_circuit_operator to 2024-05-08T06:23:47.453270+00:00, run_after=2024-05-09T06:23:47.453270+00:00
[2024-05-09T06:23:47.566+0000] {processor.py:176} INFO - Processing /home/airflow/.local/lib/python3.7/site-packages/airflow/example_dags/example_short_circuit_operator.py took 1.358 seconds
[2024-05-09T06:24:17.997+0000] {processor.py:154} INFO - Started process (PID=139) to work on /home/airflow/.local/lib/python3.7/site-packages/airflow/example_dags/example_short_circuit_operator.py
[2024-05-09T06:24:18.013+0000] {processor.py:756} INFO - Processing file /home/airflow/.local/lib/python3.7/site-packages/airflow/example_dags/example_short_circuit_operator.py for tasks to queue
[2024-05-09T06:24:18.056+0000] {logging_mixin.py:120} INFO - [2024-05-09T06:24:18.055+0000] {dagbag.py:537} INFO - Filling up the DagBag from /home/airflow/.local/lib/python3.7/site-packages/airflow/example_dags/example_short_circuit_operator.py
[2024-05-09T06:24:18.155+0000] {processor.py:766} INFO - DAG(s) dict_keys(['example_short_circuit_operator']) retrieved from /home/airflow/.local/lib/python3.7/site-packages/airflow/example_dags/example_short_circuit_operator.py
[2024-05-09T06:24:18.308+0000] {logging_mixin.py:120} INFO - [2024-05-09T06:24:18.308+0000] {dag.py:2585} INFO - Sync 1 DAGs
[2024-05-09T06:24:18.375+0000] {logging_mixin.py:120} INFO - [2024-05-09T06:24:18.375+0000] {dag.py:3340} INFO - Setting next_dagrun for example_short_circuit_operator to 2024-05-08T06:24:18.374753+00:00, run_after=2024-05-09T06:24:18.374753+00:00
[2024-05-09T06:24:18.452+0000] {processor.py:176} INFO - Processing /home/airflow/.local/lib/python3.7/site-packages/airflow/example_dags/example_short_circuit_operator.py took 0.479 seconds
[2024-05-09T06:24:49.050+0000] {processor.py:154} INFO - Started process (PID=193) to work on /home/airflow/.local/lib/python3.7/site-packages/airflow/example_dags/example_short_circuit_operator.py
[2024-05-09T06:24:49.054+0000] {processor.py:756} INFO - Processing file /home/airflow/.local/lib/python3.7/site-packages/airflow/example_dags/example_short_circuit_operator.py for tasks to queue
[2024-05-09T06:24:49.057+0000] {logging_mixin.py:120} INFO - [2024-05-09T06:24:49.057+0000] {dagbag.py:537} INFO - Filling up the DagBag from /home/airflow/.local/lib/python3.7/site-packages/airflow/example_dags/example_short_circuit_operator.py
[2024-05-09T06:24:49.104+0000] {processor.py:766} INFO - DAG(s) dict_keys(['example_short_circuit_operator']) retrieved from /home/airflow/.local/lib/python3.7/site-packages/airflow/example_dags/example_short_circuit_operator.py
[2024-05-09T06:24:49.181+0000] {logging_mixin.py:120} INFO - [2024-05-09T06:24:49.181+0000] {dag.py:2585} INFO - Sync 1 DAGs
[2024-05-09T06:24:49.225+0000] {logging_mixin.py:120} INFO - [2024-05-09T06:24:49.225+0000] {dag.py:3340} INFO - Setting next_dagrun for example_short_circuit_operator to 2024-05-08T06:24:49.224898+00:00, run_after=2024-05-09T06:24:49.224898+00:00
[2024-05-09T06:24:49.306+0000] {processor.py:176} INFO - Processing /home/airflow/.local/lib/python3.7/site-packages/airflow/example_dags/example_short_circuit_operator.py took 0.263 seconds
