[2024-05-09T06:23:43.391+0000] {processor.py:154} INFO - Started process (PID=80) to work on /home/airflow/.local/lib/python3.7/site-packages/airflow/example_dags/example_task_group.py
[2024-05-09T06:23:43.395+0000] {processor.py:756} INFO - Processing file /home/airflow/.local/lib/python3.7/site-packages/airflow/example_dags/example_task_group.py for tasks to queue
[2024-05-09T06:23:43.397+0000] {logging_mixin.py:120} INFO - [2024-05-09T06:23:43.397+0000] {dagbag.py:537} INFO - Filling up the DagBag from /home/airflow/.local/lib/python3.7/site-packages/airflow/example_dags/example_task_group.py
[2024-05-09T06:23:43.436+0000] {processor.py:766} INFO - DAG(s) dict_keys(['example_task_group']) retrieved from /home/airflow/.local/lib/python3.7/site-packages/airflow/example_dags/example_task_group.py
[2024-05-09T06:23:43.868+0000] {logging_mixin.py:120} INFO - [2024-05-09T06:23:43.868+0000] {manager.py:507} INFO - Created Permission View: can delete on DAG:example_task_group
[2024-05-09T06:23:43.902+0000] {logging_mixin.py:120} INFO - [2024-05-09T06:23:43.901+0000] {manager.py:507} INFO - Created Permission View: can edit on DAG:example_task_group
[2024-05-09T06:23:43.961+0000] {logging_mixin.py:120} INFO - [2024-05-09T06:23:43.961+0000] {manager.py:507} INFO - Created Permission View: can read on DAG:example_task_group
[2024-05-09T06:23:43.962+0000] {logging_mixin.py:120} INFO - [2024-05-09T06:23:43.962+0000] {dag.py:2585} INFO - Sync 1 DAGs
[2024-05-09T06:23:44.093+0000] {logging_mixin.py:120} INFO - [2024-05-09T06:23:44.093+0000] {dag.py:2606} INFO - Creating ORM DAG for example_task_group
[2024-05-09T06:23:44.116+0000] {logging_mixin.py:120} INFO - [2024-05-09T06:23:44.116+0000] {dag.py:3340} INFO - Setting next_dagrun for example_task_group to 2024-05-08T06:23:44.115990+00:00, run_after=2024-05-09T06:23:44.115990+00:00
[2024-05-09T06:23:44.174+0000] {processor.py:176} INFO - Processing /home/airflow/.local/lib/python3.7/site-packages/airflow/example_dags/example_task_group.py took 0.789 seconds
[2024-05-09T06:24:14.411+0000] {processor.py:154} INFO - Started process (PID=134) to work on /home/airflow/.local/lib/python3.7/site-packages/airflow/example_dags/example_task_group.py
[2024-05-09T06:24:14.415+0000] {processor.py:756} INFO - Processing file /home/airflow/.local/lib/python3.7/site-packages/airflow/example_dags/example_task_group.py for tasks to queue
[2024-05-09T06:24:14.424+0000] {logging_mixin.py:120} INFO - [2024-05-09T06:24:14.422+0000] {dagbag.py:537} INFO - Filling up the DagBag from /home/airflow/.local/lib/python3.7/site-packages/airflow/example_dags/example_task_group.py
[2024-05-09T06:24:14.496+0000] {processor.py:766} INFO - DAG(s) dict_keys(['example_task_group']) retrieved from /home/airflow/.local/lib/python3.7/site-packages/airflow/example_dags/example_task_group.py
[2024-05-09T06:24:14.621+0000] {logging_mixin.py:120} INFO - [2024-05-09T06:24:14.621+0000] {dag.py:2585} INFO - Sync 1 DAGs
[2024-05-09T06:24:14.704+0000] {logging_mixin.py:120} INFO - [2024-05-09T06:24:14.704+0000] {dag.py:3340} INFO - Setting next_dagrun for example_task_group to 2024-05-08T06:24:14.704195+00:00, run_after=2024-05-09T06:24:14.704195+00:00
[2024-05-09T06:24:14.776+0000] {processor.py:176} INFO - Processing /home/airflow/.local/lib/python3.7/site-packages/airflow/example_dags/example_task_group.py took 0.372 seconds
[2024-05-09T06:24:47.424+0000] {processor.py:154} INFO - Started process (PID=188) to work on /home/airflow/.local/lib/python3.7/site-packages/airflow/example_dags/example_task_group.py
[2024-05-09T06:24:47.427+0000] {processor.py:756} INFO - Processing file /home/airflow/.local/lib/python3.7/site-packages/airflow/example_dags/example_task_group.py for tasks to queue
[2024-05-09T06:24:47.430+0000] {logging_mixin.py:120} INFO - [2024-05-09T06:24:47.430+0000] {dagbag.py:537} INFO - Filling up the DagBag from /home/airflow/.local/lib/python3.7/site-packages/airflow/example_dags/example_task_group.py
[2024-05-09T06:24:47.481+0000] {processor.py:766} INFO - DAG(s) dict_keys(['example_task_group']) retrieved from /home/airflow/.local/lib/python3.7/site-packages/airflow/example_dags/example_task_group.py
[2024-05-09T06:24:47.632+0000] {logging_mixin.py:120} INFO - [2024-05-09T06:24:47.631+0000] {dag.py:2585} INFO - Sync 1 DAGs
[2024-05-09T06:24:47.733+0000] {logging_mixin.py:120} INFO - [2024-05-09T06:24:47.732+0000] {dag.py:3340} INFO - Setting next_dagrun for example_task_group to 2024-05-08T06:24:47.685898+00:00, run_after=2024-05-09T06:24:47.685898+00:00
[2024-05-09T06:24:47.802+0000] {processor.py:176} INFO - Processing /home/airflow/.local/lib/python3.7/site-packages/airflow/example_dags/example_task_group.py took 0.384 seconds
