[2024-05-09T06:23:47.210+0000] {processor.py:154} INFO - Started process (PID=86) to work on /home/airflow/.local/lib/python3.7/site-packages/airflow/example_dags/example_dag_decorator.py
[2024-05-09T06:23:47.212+0000] {processor.py:756} INFO - Processing file /home/airflow/.local/lib/python3.7/site-packages/airflow/example_dags/example_dag_decorator.py for tasks to queue
[2024-05-09T06:23:47.217+0000] {logging_mixin.py:120} INFO - [2024-05-09T06:23:47.217+0000] {dagbag.py:537} INFO - Filling up the DagBag from /home/airflow/.local/lib/python3.7/site-packages/airflow/example_dags/example_dag_decorator.py
[2024-05-09T06:23:47.271+0000] {logging_mixin.py:120} INFO - [2024-05-09T06:23:47.271+0000] {taskmixin.py:205} WARNING - Dependency <Task(_PythonDecoratedOperator): prepare_email>, send_email already registered for DAG: example_dag_decorator
[2024-05-09T06:23:47.275+0000] {logging_mixin.py:120} INFO - [2024-05-09T06:23:47.274+0000] {taskmixin.py:205} WARNING - Dependency <Task(EmailOperator): send_email>, prepare_email already registered for DAG: example_dag_decorator
[2024-05-09T06:23:47.324+0000] {processor.py:766} INFO - DAG(s) dict_keys(['example_dag_decorator']) retrieved from /home/airflow/.local/lib/python3.7/site-packages/airflow/example_dags/example_dag_decorator.py
[2024-05-09T06:23:47.637+0000] {logging_mixin.py:120} INFO - [2024-05-09T06:23:47.634+0000] {manager.py:507} INFO - Created Permission View: can delete on DAG:example_dag_decorator
[2024-05-09T06:23:47.695+0000] {logging_mixin.py:120} INFO - [2024-05-09T06:23:47.695+0000] {manager.py:507} INFO - Created Permission View: can edit on DAG:example_dag_decorator
[2024-05-09T06:23:47.715+0000] {logging_mixin.py:120} INFO - [2024-05-09T06:23:47.715+0000] {manager.py:507} INFO - Created Permission View: can read on DAG:example_dag_decorator
[2024-05-09T06:23:47.717+0000] {logging_mixin.py:120} INFO - [2024-05-09T06:23:47.717+0000] {dag.py:2585} INFO - Sync 1 DAGs
[2024-05-09T06:23:47.756+0000] {logging_mixin.py:120} INFO - [2024-05-09T06:23:47.756+0000] {dag.py:2606} INFO - Creating ORM DAG for example_dag_decorator
[2024-05-09T06:23:47.798+0000] {logging_mixin.py:120} INFO - [2024-05-09T06:23:47.797+0000] {dag.py:3340} INFO - Setting next_dagrun for example_dag_decorator to None, run_after=None
[2024-05-09T06:23:47.908+0000] {processor.py:176} INFO - Processing /home/airflow/.local/lib/python3.7/site-packages/airflow/example_dags/example_dag_decorator.py took 0.704 seconds
[2024-05-09T06:24:18.640+0000] {processor.py:154} INFO - Started process (PID=140) to work on /home/airflow/.local/lib/python3.7/site-packages/airflow/example_dags/example_dag_decorator.py
[2024-05-09T06:24:18.646+0000] {processor.py:756} INFO - Processing file /home/airflow/.local/lib/python3.7/site-packages/airflow/example_dags/example_dag_decorator.py for tasks to queue
[2024-05-09T06:24:18.650+0000] {logging_mixin.py:120} INFO - [2024-05-09T06:24:18.650+0000] {dagbag.py:537} INFO - Filling up the DagBag from /home/airflow/.local/lib/python3.7/site-packages/airflow/example_dags/example_dag_decorator.py
[2024-05-09T06:24:18.701+0000] {logging_mixin.py:120} INFO - [2024-05-09T06:24:18.701+0000] {taskmixin.py:205} WARNING - Dependency <Task(_PythonDecoratedOperator): prepare_email>, send_email already registered for DAG: example_dag_decorator
[2024-05-09T06:24:18.704+0000] {logging_mixin.py:120} INFO - [2024-05-09T06:24:18.704+0000] {taskmixin.py:205} WARNING - Dependency <Task(EmailOperator): send_email>, prepare_email already registered for DAG: example_dag_decorator
[2024-05-09T06:24:18.926+0000] {processor.py:766} INFO - DAG(s) dict_keys(['example_dag_decorator']) retrieved from /home/airflow/.local/lib/python3.7/site-packages/airflow/example_dags/example_dag_decorator.py
[2024-05-09T06:24:19.371+0000] {logging_mixin.py:120} INFO - [2024-05-09T06:24:19.371+0000] {dag.py:2585} INFO - Sync 1 DAGs
[2024-05-09T06:24:19.418+0000] {logging_mixin.py:120} INFO - [2024-05-09T06:24:19.418+0000] {dag.py:3340} INFO - Setting next_dagrun for example_dag_decorator to None, run_after=None
[2024-05-09T06:24:19.552+0000] {processor.py:176} INFO - Processing /home/airflow/.local/lib/python3.7/site-packages/airflow/example_dags/example_dag_decorator.py took 0.929 seconds
[2024-05-09T06:24:49.646+0000] {processor.py:154} INFO - Started process (PID=195) to work on /home/airflow/.local/lib/python3.7/site-packages/airflow/example_dags/example_dag_decorator.py
[2024-05-09T06:24:49.648+0000] {processor.py:756} INFO - Processing file /home/airflow/.local/lib/python3.7/site-packages/airflow/example_dags/example_dag_decorator.py for tasks to queue
[2024-05-09T06:24:49.654+0000] {logging_mixin.py:120} INFO - [2024-05-09T06:24:49.653+0000] {dagbag.py:537} INFO - Filling up the DagBag from /home/airflow/.local/lib/python3.7/site-packages/airflow/example_dags/example_dag_decorator.py
[2024-05-09T06:24:49.696+0000] {logging_mixin.py:120} INFO - [2024-05-09T06:24:49.696+0000] {taskmixin.py:205} WARNING - Dependency <Task(_PythonDecoratedOperator): prepare_email>, send_email already registered for DAG: example_dag_decorator
[2024-05-09T06:24:49.699+0000] {logging_mixin.py:120} INFO - [2024-05-09T06:24:49.699+0000] {taskmixin.py:205} WARNING - Dependency <Task(EmailOperator): send_email>, prepare_email already registered for DAG: example_dag_decorator
[2024-05-09T06:24:49.752+0000] {processor.py:766} INFO - DAG(s) dict_keys(['example_dag_decorator']) retrieved from /home/airflow/.local/lib/python3.7/site-packages/airflow/example_dags/example_dag_decorator.py
[2024-05-09T06:24:50.289+0000] {logging_mixin.py:120} INFO - [2024-05-09T06:24:50.289+0000] {dag.py:2585} INFO - Sync 1 DAGs
[2024-05-09T06:24:50.371+0000] {logging_mixin.py:120} INFO - [2024-05-09T06:24:50.371+0000] {dag.py:3340} INFO - Setting next_dagrun for example_dag_decorator to None, run_after=None
[2024-05-09T06:24:50.432+0000] {processor.py:176} INFO - Processing /home/airflow/.local/lib/python3.7/site-packages/airflow/example_dags/example_dag_decorator.py took 0.791 seconds
