[2024-05-09T06:23:48.654+0000] {processor.py:154} INFO - Started process (PID=89) to work on /home/airflow/.local/lib/python3.7/site-packages/airflow/example_dags/example_skip_dag.py
[2024-05-09T06:23:48.657+0000] {processor.py:756} INFO - Processing file /home/airflow/.local/lib/python3.7/site-packages/airflow/example_dags/example_skip_dag.py for tasks to queue
[2024-05-09T06:23:48.664+0000] {logging_mixin.py:120} INFO - [2024-05-09T06:23:48.663+0000] {dagbag.py:537} INFO - Filling up the DagBag from /home/airflow/.local/lib/python3.7/site-packages/airflow/example_dags/example_skip_dag.py
[2024-05-09T06:23:48.693+0000] {processor.py:766} INFO - DAG(s) dict_keys(['example_skip_dag']) retrieved from /home/airflow/.local/lib/python3.7/site-packages/airflow/example_dags/example_skip_dag.py
[2024-05-09T06:23:48.977+0000] {logging_mixin.py:120} INFO - [2024-05-09T06:23:48.977+0000] {manager.py:507} INFO - Created Permission View: can delete on DAG:example_skip_dag
[2024-05-09T06:23:49.018+0000] {logging_mixin.py:120} INFO - [2024-05-09T06:23:49.018+0000] {manager.py:507} INFO - Created Permission View: can edit on DAG:example_skip_dag
[2024-05-09T06:23:49.040+0000] {logging_mixin.py:120} INFO - [2024-05-09T06:23:49.039+0000] {manager.py:507} INFO - Created Permission View: can read on DAG:example_skip_dag
[2024-05-09T06:23:49.041+0000] {logging_mixin.py:120} INFO - [2024-05-09T06:23:49.041+0000] {dag.py:2585} INFO - Sync 1 DAGs
[2024-05-09T06:23:49.176+0000] {logging_mixin.py:120} INFO - [2024-05-09T06:23:49.176+0000] {dag.py:2606} INFO - Creating ORM DAG for example_skip_dag
[2024-05-09T06:23:49.216+0000] {logging_mixin.py:120} INFO - [2024-05-09T06:23:49.215+0000] {dag.py:3340} INFO - Setting next_dagrun for example_skip_dag to 2024-05-08T06:23:49.207889+00:00, run_after=2024-05-09T06:23:49.207889+00:00
[2024-05-09T06:23:49.281+0000] {processor.py:176} INFO - Processing /home/airflow/.local/lib/python3.7/site-packages/airflow/example_dags/example_skip_dag.py took 0.633 seconds
[2024-05-09T06:24:19.636+0000] {processor.py:154} INFO - Started process (PID=143) to work on /home/airflow/.local/lib/python3.7/site-packages/airflow/example_dags/example_skip_dag.py
[2024-05-09T06:24:19.640+0000] {processor.py:756} INFO - Processing file /home/airflow/.local/lib/python3.7/site-packages/airflow/example_dags/example_skip_dag.py for tasks to queue
[2024-05-09T06:24:19.645+0000] {logging_mixin.py:120} INFO - [2024-05-09T06:24:19.645+0000] {dagbag.py:537} INFO - Filling up the DagBag from /home/airflow/.local/lib/python3.7/site-packages/airflow/example_dags/example_skip_dag.py
[2024-05-09T06:24:19.694+0000] {processor.py:766} INFO - DAG(s) dict_keys(['example_skip_dag']) retrieved from /home/airflow/.local/lib/python3.7/site-packages/airflow/example_dags/example_skip_dag.py
[2024-05-09T06:24:19.789+0000] {logging_mixin.py:120} INFO - [2024-05-09T06:24:19.789+0000] {dag.py:2585} INFO - Sync 1 DAGs
[2024-05-09T06:24:19.877+0000] {logging_mixin.py:120} INFO - [2024-05-09T06:24:19.877+0000] {dag.py:3340} INFO - Setting next_dagrun for example_skip_dag to 2024-05-08T06:24:19.876997+00:00, run_after=2024-05-09T06:24:19.876997+00:00
[2024-05-09T06:24:19.954+0000] {processor.py:176} INFO - Processing /home/airflow/.local/lib/python3.7/site-packages/airflow/example_dags/example_skip_dag.py took 0.323 seconds
[2024-05-09T06:24:50.138+0000] {processor.py:154} INFO - Started process (PID=197) to work on /home/airflow/.local/lib/python3.7/site-packages/airflow/example_dags/example_skip_dag.py
[2024-05-09T06:24:50.142+0000] {processor.py:756} INFO - Processing file /home/airflow/.local/lib/python3.7/site-packages/airflow/example_dags/example_skip_dag.py for tasks to queue
[2024-05-09T06:24:50.145+0000] {logging_mixin.py:120} INFO - [2024-05-09T06:24:50.144+0000] {dagbag.py:537} INFO - Filling up the DagBag from /home/airflow/.local/lib/python3.7/site-packages/airflow/example_dags/example_skip_dag.py
[2024-05-09T06:24:50.214+0000] {processor.py:766} INFO - DAG(s) dict_keys(['example_skip_dag']) retrieved from /home/airflow/.local/lib/python3.7/site-packages/airflow/example_dags/example_skip_dag.py
[2024-05-09T06:24:50.338+0000] {logging_mixin.py:120} INFO - [2024-05-09T06:24:50.338+0000] {dag.py:2585} INFO - Sync 1 DAGs
[2024-05-09T06:24:50.409+0000] {logging_mixin.py:120} INFO - [2024-05-09T06:24:50.409+0000] {dag.py:3340} INFO - Setting next_dagrun for example_skip_dag to 2024-05-08T06:24:50.408516+00:00, run_after=2024-05-09T06:24:50.408516+00:00
[2024-05-09T06:24:50.473+0000] {processor.py:176} INFO - Processing /home/airflow/.local/lib/python3.7/site-packages/airflow/example_dags/example_skip_dag.py took 0.341 seconds
