[2024-05-09T06:23:36.878+0000] {processor.py:154} INFO - Started process (PID=72) to work on /home/airflow/.local/lib/python3.7/site-packages/airflow/example_dags/example_bash_operator.py
[2024-05-09T06:23:36.889+0000] {processor.py:756} INFO - Processing file /home/airflow/.local/lib/python3.7/site-packages/airflow/example_dags/example_bash_operator.py for tasks to queue
[2024-05-09T06:23:36.906+0000] {logging_mixin.py:120} INFO - [2024-05-09T06:23:36.906+0000] {dagbag.py:537} INFO - Filling up the DagBag from /home/airflow/.local/lib/python3.7/site-packages/airflow/example_dags/example_bash_operator.py
[2024-05-09T06:23:36.986+0000] {processor.py:766} INFO - DAG(s) dict_keys(['example_bash_operator']) retrieved from /home/airflow/.local/lib/python3.7/site-packages/airflow/example_dags/example_bash_operator.py
[2024-05-09T06:23:37.558+0000] {logging_mixin.py:120} INFO - [2024-05-09T06:23:37.555+0000] {manager.py:507} INFO - Created Permission View: can delete on DAG:example_bash_operator
[2024-05-09T06:23:37.615+0000] {logging_mixin.py:120} INFO - [2024-05-09T06:23:37.613+0000] {manager.py:507} INFO - Created Permission View: can edit on DAG:example_bash_operator
[2024-05-09T06:23:37.702+0000] {logging_mixin.py:120} INFO - [2024-05-09T06:23:37.702+0000] {manager.py:507} INFO - Created Permission View: can read on DAG:example_bash_operator
[2024-05-09T06:23:37.710+0000] {logging_mixin.py:120} INFO - [2024-05-09T06:23:37.709+0000] {dag.py:2585} INFO - Sync 1 DAGs
[2024-05-09T06:23:37.773+0000] {logging_mixin.py:120} INFO - [2024-05-09T06:23:37.772+0000] {dag.py:2606} INFO - Creating ORM DAG for example_bash_operator
[2024-05-09T06:23:37.857+0000] {logging_mixin.py:120} INFO - [2024-05-09T06:23:37.857+0000] {dag.py:3340} INFO - Setting next_dagrun for example_bash_operator to 2024-05-08T00:00:00+00:00, run_after=2024-05-09T00:00:00+00:00
[2024-05-09T06:23:37.970+0000] {processor.py:176} INFO - Processing /home/airflow/.local/lib/python3.7/site-packages/airflow/example_dags/example_bash_operator.py took 1.097 seconds
[2024-05-09T06:24:08.273+0000] {processor.py:154} INFO - Started process (PID=126) to work on /home/airflow/.local/lib/python3.7/site-packages/airflow/example_dags/example_bash_operator.py
[2024-05-09T06:24:08.284+0000] {processor.py:756} INFO - Processing file /home/airflow/.local/lib/python3.7/site-packages/airflow/example_dags/example_bash_operator.py for tasks to queue
[2024-05-09T06:24:08.291+0000] {logging_mixin.py:120} INFO - [2024-05-09T06:24:08.291+0000] {dagbag.py:537} INFO - Filling up the DagBag from /home/airflow/.local/lib/python3.7/site-packages/airflow/example_dags/example_bash_operator.py
[2024-05-09T06:24:08.413+0000] {processor.py:766} INFO - DAG(s) dict_keys(['example_bash_operator']) retrieved from /home/airflow/.local/lib/python3.7/site-packages/airflow/example_dags/example_bash_operator.py
[2024-05-09T06:24:08.624+0000] {logging_mixin.py:120} INFO - [2024-05-09T06:24:08.624+0000] {dag.py:2585} INFO - Sync 1 DAGs
[2024-05-09T06:24:08.853+0000] {logging_mixin.py:120} INFO - [2024-05-09T06:24:08.853+0000] {dag.py:3340} INFO - Setting next_dagrun for example_bash_operator to 2024-05-08T00:00:00+00:00, run_after=2024-05-09T00:00:00+00:00
[2024-05-09T06:24:09.024+0000] {processor.py:176} INFO - Processing /home/airflow/.local/lib/python3.7/site-packages/airflow/example_dags/example_bash_operator.py took 0.769 seconds
[2024-05-09T06:24:41.388+0000] {processor.py:154} INFO - Started process (PID=180) to work on /home/airflow/.local/lib/python3.7/site-packages/airflow/example_dags/example_bash_operator.py
[2024-05-09T06:24:41.391+0000] {processor.py:756} INFO - Processing file /home/airflow/.local/lib/python3.7/site-packages/airflow/example_dags/example_bash_operator.py for tasks to queue
[2024-05-09T06:24:41.394+0000] {logging_mixin.py:120} INFO - [2024-05-09T06:24:41.393+0000] {dagbag.py:537} INFO - Filling up the DagBag from /home/airflow/.local/lib/python3.7/site-packages/airflow/example_dags/example_bash_operator.py
[2024-05-09T06:24:41.436+0000] {processor.py:766} INFO - DAG(s) dict_keys(['example_bash_operator']) retrieved from /home/airflow/.local/lib/python3.7/site-packages/airflow/example_dags/example_bash_operator.py
[2024-05-09T06:24:41.565+0000] {logging_mixin.py:120} INFO - [2024-05-09T06:24:41.565+0000] {dag.py:2585} INFO - Sync 1 DAGs
[2024-05-09T06:24:41.627+0000] {logging_mixin.py:120} INFO - [2024-05-09T06:24:41.627+0000] {dag.py:3340} INFO - Setting next_dagrun for example_bash_operator to 2024-05-08T00:00:00+00:00, run_after=2024-05-09T00:00:00+00:00
[2024-05-09T06:24:41.683+0000] {processor.py:176} INFO - Processing /home/airflow/.local/lib/python3.7/site-packages/airflow/example_dags/example_bash_operator.py took 0.299 seconds
