[2024-05-09T06:23:32.928+0000] {processor.py:154} INFO - Started process (PID=66) to work on /home/airflow/.local/lib/python3.7/site-packages/airflow/example_dags/example_local_kubernetes_executor.py
[2024-05-09T06:23:32.934+0000] {processor.py:756} INFO - Processing file /home/airflow/.local/lib/python3.7/site-packages/airflow/example_dags/example_local_kubernetes_executor.py for tasks to queue
[2024-05-09T06:23:32.939+0000] {logging_mixin.py:120} INFO - [2024-05-09T06:23:32.939+0000] {dagbag.py:537} INFO - Filling up the DagBag from /home/airflow/.local/lib/python3.7/site-packages/airflow/example_dags/example_local_kubernetes_executor.py
[2024-05-09T06:23:32.995+0000] {processor.py:766} INFO - DAG(s) dict_keys(['example_local_kubernetes_executor']) retrieved from /home/airflow/.local/lib/python3.7/site-packages/airflow/example_dags/example_local_kubernetes_executor.py
[2024-05-09T06:23:33.291+0000] {logging_mixin.py:120} INFO - [2024-05-09T06:23:33.290+0000] {manager.py:507} INFO - Created Permission View: can delete on DAG:example_local_kubernetes_executor
[2024-05-09T06:23:33.367+0000] {logging_mixin.py:120} INFO - [2024-05-09T06:23:33.367+0000] {manager.py:507} INFO - Created Permission View: can edit on DAG:example_local_kubernetes_executor
[2024-05-09T06:23:33.483+0000] {logging_mixin.py:120} INFO - [2024-05-09T06:23:33.483+0000] {manager.py:507} INFO - Created Permission View: can read on DAG:example_local_kubernetes_executor
[2024-05-09T06:23:33.493+0000] {logging_mixin.py:120} INFO - [2024-05-09T06:23:33.492+0000] {dag.py:2585} INFO - Sync 1 DAGs
[2024-05-09T06:23:33.562+0000] {logging_mixin.py:120} INFO - [2024-05-09T06:23:33.562+0000] {dag.py:2606} INFO - Creating ORM DAG for example_local_kubernetes_executor
[2024-05-09T06:23:33.738+0000] {logging_mixin.py:120} INFO - [2024-05-09T06:23:33.737+0000] {dag.py:3340} INFO - Setting next_dagrun for example_local_kubernetes_executor to None, run_after=None
[2024-05-09T06:23:33.794+0000] {processor.py:176} INFO - Processing /home/airflow/.local/lib/python3.7/site-packages/airflow/example_dags/example_local_kubernetes_executor.py took 0.873 seconds
[2024-05-09T06:24:03.899+0000] {processor.py:154} INFO - Started process (PID=112) to work on /home/airflow/.local/lib/python3.7/site-packages/airflow/example_dags/example_local_kubernetes_executor.py
[2024-05-09T06:24:03.901+0000] {processor.py:756} INFO - Processing file /home/airflow/.local/lib/python3.7/site-packages/airflow/example_dags/example_local_kubernetes_executor.py for tasks to queue
[2024-05-09T06:24:03.905+0000] {logging_mixin.py:120} INFO - [2024-05-09T06:24:03.904+0000] {dagbag.py:537} INFO - Filling up the DagBag from /home/airflow/.local/lib/python3.7/site-packages/airflow/example_dags/example_local_kubernetes_executor.py
[2024-05-09T06:24:03.946+0000] {processor.py:766} INFO - DAG(s) dict_keys(['example_local_kubernetes_executor']) retrieved from /home/airflow/.local/lib/python3.7/site-packages/airflow/example_dags/example_local_kubernetes_executor.py
[2024-05-09T06:24:04.008+0000] {logging_mixin.py:120} INFO - [2024-05-09T06:24:04.008+0000] {dag.py:2585} INFO - Sync 1 DAGs
[2024-05-09T06:24:04.063+0000] {logging_mixin.py:120} INFO - [2024-05-09T06:24:04.063+0000] {dag.py:3340} INFO - Setting next_dagrun for example_local_kubernetes_executor to None, run_after=None
[2024-05-09T06:24:04.099+0000] {processor.py:176} INFO - Processing /home/airflow/.local/lib/python3.7/site-packages/airflow/example_dags/example_local_kubernetes_executor.py took 0.207 seconds
[2024-05-09T06:24:34.247+0000] {processor.py:154} INFO - Started process (PID=166) to work on /home/airflow/.local/lib/python3.7/site-packages/airflow/example_dags/example_local_kubernetes_executor.py
[2024-05-09T06:24:34.248+0000] {processor.py:756} INFO - Processing file /home/airflow/.local/lib/python3.7/site-packages/airflow/example_dags/example_local_kubernetes_executor.py for tasks to queue
[2024-05-09T06:24:34.252+0000] {logging_mixin.py:120} INFO - [2024-05-09T06:24:34.251+0000] {dagbag.py:537} INFO - Filling up the DagBag from /home/airflow/.local/lib/python3.7/site-packages/airflow/example_dags/example_local_kubernetes_executor.py
[2024-05-09T06:24:34.310+0000] {processor.py:766} INFO - DAG(s) dict_keys(['example_local_kubernetes_executor']) retrieved from /home/airflow/.local/lib/python3.7/site-packages/airflow/example_dags/example_local_kubernetes_executor.py
[2024-05-09T06:24:34.399+0000] {logging_mixin.py:120} INFO - [2024-05-09T06:24:34.399+0000] {dag.py:2585} INFO - Sync 1 DAGs
[2024-05-09T06:24:34.485+0000] {logging_mixin.py:120} INFO - [2024-05-09T06:24:34.484+0000] {dag.py:3340} INFO - Setting next_dagrun for example_local_kubernetes_executor to None, run_after=None
[2024-05-09T06:24:34.572+0000] {processor.py:176} INFO - Processing /home/airflow/.local/lib/python3.7/site-packages/airflow/example_dags/example_local_kubernetes_executor.py took 0.331 seconds
