[2024-05-09T06:23:31.690+0000] {processor.py:154} INFO - Started process (PID=57) to work on /home/airflow/.local/lib/python3.7/site-packages/airflow/example_dags/example_branch_operator.py
[2024-05-09T06:23:31.696+0000] {processor.py:756} INFO - Processing file /home/airflow/.local/lib/python3.7/site-packages/airflow/example_dags/example_branch_operator.py for tasks to queue
[2024-05-09T06:23:31.705+0000] {logging_mixin.py:120} INFO - [2024-05-09T06:23:31.705+0000] {dagbag.py:537} INFO - Filling up the DagBag from /home/airflow/.local/lib/python3.7/site-packages/airflow/example_dags/example_branch_operator.py
[2024-05-09T06:23:31.767+0000] {processor.py:766} INFO - DAG(s) dict_keys(['example_branch_operator']) retrieved from /home/airflow/.local/lib/python3.7/site-packages/airflow/example_dags/example_branch_operator.py
[2024-05-09T06:23:32.096+0000] {logging_mixin.py:120} INFO - [2024-05-09T06:23:32.095+0000] {manager.py:507} INFO - Created Permission View: can delete on DAG:example_branch_operator
[2024-05-09T06:23:32.130+0000] {logging_mixin.py:120} INFO - [2024-05-09T06:23:32.130+0000] {manager.py:507} INFO - Created Permission View: can edit on DAG:example_branch_operator
[2024-05-09T06:23:32.150+0000] {logging_mixin.py:120} INFO - [2024-05-09T06:23:32.150+0000] {manager.py:507} INFO - Created Permission View: can read on DAG:example_branch_operator
[2024-05-09T06:23:32.154+0000] {logging_mixin.py:120} INFO - [2024-05-09T06:23:32.154+0000] {dag.py:2585} INFO - Sync 1 DAGs
[2024-05-09T06:23:32.184+0000] {logging_mixin.py:120} INFO - [2024-05-09T06:23:32.184+0000] {dag.py:2606} INFO - Creating ORM DAG for example_branch_operator
[2024-05-09T06:23:32.216+0000] {logging_mixin.py:120} INFO - [2024-05-09T06:23:32.216+0000] {dag.py:3340} INFO - Setting next_dagrun for example_branch_operator to 2024-05-08T00:00:00+00:00, run_after=2024-05-09T00:00:00+00:00
[2024-05-09T06:23:32.255+0000] {processor.py:176} INFO - Processing /home/airflow/.local/lib/python3.7/site-packages/airflow/example_dags/example_branch_operator.py took 0.573 seconds
[2024-05-09T06:24:02.585+0000] {processor.py:154} INFO - Started process (PID=110) to work on /home/airflow/.local/lib/python3.7/site-packages/airflow/example_dags/example_branch_operator.py
[2024-05-09T06:24:02.588+0000] {processor.py:756} INFO - Processing file /home/airflow/.local/lib/python3.7/site-packages/airflow/example_dags/example_branch_operator.py for tasks to queue
[2024-05-09T06:24:02.591+0000] {logging_mixin.py:120} INFO - [2024-05-09T06:24:02.590+0000] {dagbag.py:537} INFO - Filling up the DagBag from /home/airflow/.local/lib/python3.7/site-packages/airflow/example_dags/example_branch_operator.py
[2024-05-09T06:24:02.632+0000] {processor.py:766} INFO - DAG(s) dict_keys(['example_branch_operator']) retrieved from /home/airflow/.local/lib/python3.7/site-packages/airflow/example_dags/example_branch_operator.py
[2024-05-09T06:24:02.695+0000] {logging_mixin.py:120} INFO - [2024-05-09T06:24:02.695+0000] {dag.py:2585} INFO - Sync 1 DAGs
[2024-05-09T06:24:02.748+0000] {logging_mixin.py:120} INFO - [2024-05-09T06:24:02.747+0000] {dag.py:3340} INFO - Setting next_dagrun for example_branch_operator to 2024-05-08T00:00:00+00:00, run_after=2024-05-09T00:00:00+00:00
[2024-05-09T06:24:02.784+0000] {processor.py:176} INFO - Processing /home/airflow/.local/lib/python3.7/site-packages/airflow/example_dags/example_branch_operator.py took 0.205 seconds
[2024-05-09T06:24:33.876+0000] {processor.py:154} INFO - Started process (PID=164) to work on /home/airflow/.local/lib/python3.7/site-packages/airflow/example_dags/example_branch_operator.py
[2024-05-09T06:24:33.878+0000] {processor.py:756} INFO - Processing file /home/airflow/.local/lib/python3.7/site-packages/airflow/example_dags/example_branch_operator.py for tasks to queue
[2024-05-09T06:24:33.884+0000] {logging_mixin.py:120} INFO - [2024-05-09T06:24:33.882+0000] {dagbag.py:537} INFO - Filling up the DagBag from /home/airflow/.local/lib/python3.7/site-packages/airflow/example_dags/example_branch_operator.py
[2024-05-09T06:24:33.910+0000] {processor.py:766} INFO - DAG(s) dict_keys(['example_branch_operator']) retrieved from /home/airflow/.local/lib/python3.7/site-packages/airflow/example_dags/example_branch_operator.py
[2024-05-09T06:24:33.991+0000] {logging_mixin.py:120} INFO - [2024-05-09T06:24:33.991+0000] {dag.py:2585} INFO - Sync 1 DAGs
[2024-05-09T06:24:34.091+0000] {logging_mixin.py:120} INFO - [2024-05-09T06:24:34.090+0000] {dag.py:3340} INFO - Setting next_dagrun for example_branch_operator to 2024-05-08T00:00:00+00:00, run_after=2024-05-09T00:00:00+00:00
[2024-05-09T06:24:34.177+0000] {processor.py:176} INFO - Processing /home/airflow/.local/lib/python3.7/site-packages/airflow/example_dags/example_branch_operator.py took 0.307 seconds
