[2024-05-09T06:23:31.650+0000] {processor.py:154} INFO - Started process (PID=56) to work on /home/airflow/.local/lib/python3.7/site-packages/airflow/example_dags/example_external_task_marker_dag.py
[2024-05-09T06:23:31.659+0000] {processor.py:756} INFO - Processing file /home/airflow/.local/lib/python3.7/site-packages/airflow/example_dags/example_external_task_marker_dag.py for tasks to queue
[2024-05-09T06:23:31.670+0000] {logging_mixin.py:120} INFO - [2024-05-09T06:23:31.669+0000] {dagbag.py:537} INFO - Filling up the DagBag from /home/airflow/.local/lib/python3.7/site-packages/airflow/example_dags/example_external_task_marker_dag.py
[2024-05-09T06:23:31.724+0000] {processor.py:766} INFO - DAG(s) dict_keys(['example_external_task_marker_parent', 'example_external_task_marker_child']) retrieved from /home/airflow/.local/lib/python3.7/site-packages/airflow/example_dags/example_external_task_marker_dag.py
[2024-05-09T06:23:32.057+0000] {logging_mixin.py:120} INFO - [2024-05-09T06:23:32.056+0000] {manager.py:507} INFO - Created Permission View: can delete on DAG:example_external_task_marker_parent
[2024-05-09T06:23:32.088+0000] {logging_mixin.py:120} INFO - [2024-05-09T06:23:32.087+0000] {manager.py:507} INFO - Created Permission View: can edit on DAG:example_external_task_marker_parent
[2024-05-09T06:23:32.115+0000] {logging_mixin.py:120} INFO - [2024-05-09T06:23:32.115+0000] {manager.py:507} INFO - Created Permission View: can read on DAG:example_external_task_marker_parent
[2024-05-09T06:23:33.758+0000] {logging_mixin.py:120} INFO - [2024-05-09T06:23:33.758+0000] {manager.py:507} INFO - Created Permission View: can delete on DAG:example_external_task_marker_child
[2024-05-09T06:23:33.795+0000] {logging_mixin.py:120} INFO - [2024-05-09T06:23:33.795+0000] {manager.py:507} INFO - Created Permission View: can edit on DAG:example_external_task_marker_child
[2024-05-09T06:23:33.846+0000] {logging_mixin.py:120} INFO - [2024-05-09T06:23:33.844+0000] {manager.py:507} INFO - Created Permission View: can read on DAG:example_external_task_marker_child
[2024-05-09T06:23:33.860+0000] {logging_mixin.py:120} INFO - [2024-05-09T06:23:33.860+0000] {dag.py:2585} INFO - Sync 2 DAGs
[2024-05-09T06:23:33.923+0000] {logging_mixin.py:120} INFO - [2024-05-09T06:23:33.923+0000] {dag.py:2606} INFO - Creating ORM DAG for example_external_task_marker_child
[2024-05-09T06:23:33.956+0000] {logging_mixin.py:120} INFO - [2024-05-09T06:23:33.955+0000] {dag.py:2606} INFO - Creating ORM DAG for example_external_task_marker_parent
[2024-05-09T06:23:34.032+0000] {logging_mixin.py:120} INFO - [2024-05-09T06:23:34.032+0000] {dag.py:3340} INFO - Setting next_dagrun for example_external_task_marker_child to None, run_after=None
[2024-05-09T06:23:34.048+0000] {logging_mixin.py:120} INFO - [2024-05-09T06:23:34.048+0000] {dag.py:3340} INFO - Setting next_dagrun for example_external_task_marker_parent to None, run_after=None
[2024-05-09T06:23:34.207+0000] {processor.py:176} INFO - Processing /home/airflow/.local/lib/python3.7/site-packages/airflow/example_dags/example_external_task_marker_dag.py took 2.563 seconds
[2024-05-09T06:24:04.928+0000] {processor.py:154} INFO - Started process (PID=113) to work on /home/airflow/.local/lib/python3.7/site-packages/airflow/example_dags/example_external_task_marker_dag.py
[2024-05-09T06:24:04.931+0000] {processor.py:756} INFO - Processing file /home/airflow/.local/lib/python3.7/site-packages/airflow/example_dags/example_external_task_marker_dag.py for tasks to queue
[2024-05-09T06:24:04.934+0000] {logging_mixin.py:120} INFO - [2024-05-09T06:24:04.933+0000] {dagbag.py:537} INFO - Filling up the DagBag from /home/airflow/.local/lib/python3.7/site-packages/airflow/example_dags/example_external_task_marker_dag.py
[2024-05-09T06:24:04.966+0000] {processor.py:766} INFO - DAG(s) dict_keys(['example_external_task_marker_parent', 'example_external_task_marker_child']) retrieved from /home/airflow/.local/lib/python3.7/site-packages/airflow/example_dags/example_external_task_marker_dag.py
[2024-05-09T06:24:06.680+0000] {logging_mixin.py:120} INFO - [2024-05-09T06:24:06.680+0000] {dag.py:2585} INFO - Sync 2 DAGs
[2024-05-09T06:24:06.752+0000] {logging_mixin.py:120} INFO - [2024-05-09T06:24:06.752+0000] {dag.py:3340} INFO - Setting next_dagrun for example_external_task_marker_child to None, run_after=None
[2024-05-09T06:24:06.763+0000] {logging_mixin.py:120} INFO - [2024-05-09T06:24:06.763+0000] {dag.py:3340} INFO - Setting next_dagrun for example_external_task_marker_parent to None, run_after=None
[2024-05-09T06:24:06.844+0000] {processor.py:176} INFO - Processing /home/airflow/.local/lib/python3.7/site-packages/airflow/example_dags/example_external_task_marker_dag.py took 1.921 seconds
[2024-05-09T06:24:37.785+0000] {processor.py:154} INFO - Started process (PID=176) to work on /home/airflow/.local/lib/python3.7/site-packages/airflow/example_dags/example_external_task_marker_dag.py
[2024-05-09T06:24:37.805+0000] {processor.py:756} INFO - Processing file /home/airflow/.local/lib/python3.7/site-packages/airflow/example_dags/example_external_task_marker_dag.py for tasks to queue
[2024-05-09T06:24:37.814+0000] {logging_mixin.py:120} INFO - [2024-05-09T06:24:37.814+0000] {dagbag.py:537} INFO - Filling up the DagBag from /home/airflow/.local/lib/python3.7/site-packages/airflow/example_dags/example_external_task_marker_dag.py
[2024-05-09T06:24:37.856+0000] {processor.py:766} INFO - DAG(s) dict_keys(['example_external_task_marker_parent', 'example_external_task_marker_child']) retrieved from /home/airflow/.local/lib/python3.7/site-packages/airflow/example_dags/example_external_task_marker_dag.py
[2024-05-09T06:24:39.496+0000] {logging_mixin.py:120} INFO - [2024-05-09T06:24:39.495+0000] {dag.py:2585} INFO - Sync 2 DAGs
[2024-05-09T06:24:39.728+0000] {logging_mixin.py:120} INFO - [2024-05-09T06:24:39.728+0000] {dag.py:3340} INFO - Setting next_dagrun for example_external_task_marker_child to None, run_after=None
[2024-05-09T06:24:39.760+0000] {logging_mixin.py:120} INFO - [2024-05-09T06:24:39.760+0000] {dag.py:3340} INFO - Setting next_dagrun for example_external_task_marker_parent to None, run_after=None
[2024-05-09T06:24:40.179+0000] {processor.py:176} INFO - Processing /home/airflow/.local/lib/python3.7/site-packages/airflow/example_dags/example_external_task_marker_dag.py took 2.470 seconds
