[2024-05-09T06:23:39.753+0000] {processor.py:154} INFO - Started process (PID=75) to work on /home/airflow/.local/lib/python3.7/site-packages/airflow/example_dags/example_time_delta_sensor_async.py
[2024-05-09T06:23:39.758+0000] {processor.py:756} INFO - Processing file /home/airflow/.local/lib/python3.7/site-packages/airflow/example_dags/example_time_delta_sensor_async.py for tasks to queue
[2024-05-09T06:23:39.761+0000] {logging_mixin.py:120} INFO - [2024-05-09T06:23:39.761+0000] {dagbag.py:537} INFO - Filling up the DagBag from /home/airflow/.local/lib/python3.7/site-packages/airflow/example_dags/example_time_delta_sensor_async.py
[2024-05-09T06:23:39.837+0000] {processor.py:766} INFO - DAG(s) dict_keys(['example_time_delta_sensor_async']) retrieved from /home/airflow/.local/lib/python3.7/site-packages/airflow/example_dags/example_time_delta_sensor_async.py
[2024-05-09T06:23:42.336+0000] {logging_mixin.py:120} INFO - [2024-05-09T06:23:42.336+0000] {manager.py:507} INFO - Created Permission View: can delete on DAG:example_time_delta_sensor_async
[2024-05-09T06:23:42.362+0000] {logging_mixin.py:120} INFO - [2024-05-09T06:23:42.361+0000] {manager.py:507} INFO - Created Permission View: can edit on DAG:example_time_delta_sensor_async
[2024-05-09T06:23:42.387+0000] {logging_mixin.py:120} INFO - [2024-05-09T06:23:42.387+0000] {manager.py:507} INFO - Created Permission View: can read on DAG:example_time_delta_sensor_async
[2024-05-09T06:23:42.388+0000] {logging_mixin.py:120} INFO - [2024-05-09T06:23:42.388+0000] {dag.py:2585} INFO - Sync 1 DAGs
[2024-05-09T06:23:42.422+0000] {logging_mixin.py:120} INFO - [2024-05-09T06:23:42.421+0000] {dag.py:2606} INFO - Creating ORM DAG for example_time_delta_sensor_async
[2024-05-09T06:23:42.467+0000] {logging_mixin.py:120} INFO - [2024-05-09T06:23:42.467+0000] {dag.py:3340} INFO - Setting next_dagrun for example_time_delta_sensor_async to None, run_after=None
[2024-05-09T06:23:42.601+0000] {processor.py:176} INFO - Processing /home/airflow/.local/lib/python3.7/site-packages/airflow/example_dags/example_time_delta_sensor_async.py took 2.852 seconds
[2024-05-09T06:24:12.797+0000] {processor.py:154} INFO - Started process (PID=130) to work on /home/airflow/.local/lib/python3.7/site-packages/airflow/example_dags/example_time_delta_sensor_async.py
[2024-05-09T06:24:12.802+0000] {processor.py:756} INFO - Processing file /home/airflow/.local/lib/python3.7/site-packages/airflow/example_dags/example_time_delta_sensor_async.py for tasks to queue
[2024-05-09T06:24:12.806+0000] {logging_mixin.py:120} INFO - [2024-05-09T06:24:12.805+0000] {dagbag.py:537} INFO - Filling up the DagBag from /home/airflow/.local/lib/python3.7/site-packages/airflow/example_dags/example_time_delta_sensor_async.py
[2024-05-09T06:24:12.873+0000] {processor.py:766} INFO - DAG(s) dict_keys(['example_time_delta_sensor_async']) retrieved from /home/airflow/.local/lib/python3.7/site-packages/airflow/example_dags/example_time_delta_sensor_async.py
[2024-05-09T06:24:13.650+0000] {logging_mixin.py:120} INFO - [2024-05-09T06:24:13.650+0000] {dag.py:2585} INFO - Sync 1 DAGs
[2024-05-09T06:24:13.719+0000] {logging_mixin.py:120} INFO - [2024-05-09T06:24:13.719+0000] {dag.py:3340} INFO - Setting next_dagrun for example_time_delta_sensor_async to None, run_after=None
[2024-05-09T06:24:13.803+0000] {processor.py:176} INFO - Processing /home/airflow/.local/lib/python3.7/site-packages/airflow/example_dags/example_time_delta_sensor_async.py took 1.018 seconds
[2024-05-09T06:24:44.631+0000] {processor.py:154} INFO - Started process (PID=185) to work on /home/airflow/.local/lib/python3.7/site-packages/airflow/example_dags/example_time_delta_sensor_async.py
[2024-05-09T06:24:44.635+0000] {processor.py:756} INFO - Processing file /home/airflow/.local/lib/python3.7/site-packages/airflow/example_dags/example_time_delta_sensor_async.py for tasks to queue
[2024-05-09T06:24:44.646+0000] {logging_mixin.py:120} INFO - [2024-05-09T06:24:44.646+0000] {dagbag.py:537} INFO - Filling up the DagBag from /home/airflow/.local/lib/python3.7/site-packages/airflow/example_dags/example_time_delta_sensor_async.py
[2024-05-09T06:24:44.735+0000] {processor.py:766} INFO - DAG(s) dict_keys(['example_time_delta_sensor_async']) retrieved from /home/airflow/.local/lib/python3.7/site-packages/airflow/example_dags/example_time_delta_sensor_async.py
[2024-05-09T06:24:48.414+0000] {logging_mixin.py:120} INFO - [2024-05-09T06:24:48.413+0000] {dag.py:2585} INFO - Sync 1 DAGs
[2024-05-09T06:24:48.482+0000] {logging_mixin.py:120} INFO - [2024-05-09T06:24:48.481+0000] {dag.py:3340} INFO - Setting next_dagrun for example_time_delta_sensor_async to None, run_after=None
[2024-05-09T06:24:48.638+0000] {processor.py:176} INFO - Processing /home/airflow/.local/lib/python3.7/site-packages/airflow/example_dags/example_time_delta_sensor_async.py took 4.018 seconds
