[2024-05-09T06:23:47.685+0000] {processor.py:154} INFO - Started process (PID=87) to work on /home/airflow/.local/lib/python3.7/site-packages/airflow/example_dags/example_complex.py
[2024-05-09T06:23:47.688+0000] {processor.py:756} INFO - Processing file /home/airflow/.local/lib/python3.7/site-packages/airflow/example_dags/example_complex.py for tasks to queue
[2024-05-09T06:23:47.692+0000] {logging_mixin.py:120} INFO - [2024-05-09T06:23:47.691+0000] {dagbag.py:537} INFO - Filling up the DagBag from /home/airflow/.local/lib/python3.7/site-packages/airflow/example_dags/example_complex.py
[2024-05-09T06:23:47.730+0000] {logging_mixin.py:120} INFO - [2024-05-09T06:23:47.730+0000] {taskmixin.py:205} WARNING - Dependency <Task(BashOperator): create_entry_group>, delete_entry_group already registered for DAG: example_complex
[2024-05-09T06:23:47.733+0000] {logging_mixin.py:120} INFO - [2024-05-09T06:23:47.732+0000] {taskmixin.py:205} WARNING - Dependency <Task(BashOperator): delete_entry_group>, create_entry_group already registered for DAG: example_complex
[2024-05-09T06:23:47.736+0000] {logging_mixin.py:120} INFO - [2024-05-09T06:23:47.736+0000] {taskmixin.py:205} WARNING - Dependency <Task(BashOperator): create_entry_gcs>, delete_entry already registered for DAG: example_complex
[2024-05-09T06:23:47.738+0000] {logging_mixin.py:120} INFO - [2024-05-09T06:23:47.738+0000] {taskmixin.py:205} WARNING - Dependency <Task(BashOperator): delete_entry>, create_entry_gcs already registered for DAG: example_complex
[2024-05-09T06:23:47.740+0000] {logging_mixin.py:120} INFO - [2024-05-09T06:23:47.740+0000] {taskmixin.py:205} WARNING - Dependency <Task(BashOperator): create_tag>, delete_tag already registered for DAG: example_complex
[2024-05-09T06:23:47.742+0000] {logging_mixin.py:120} INFO - [2024-05-09T06:23:47.742+0000] {taskmixin.py:205} WARNING - Dependency <Task(BashOperator): delete_tag>, create_tag already registered for DAG: example_complex
[2024-05-09T06:23:47.767+0000] {processor.py:766} INFO - DAG(s) dict_keys(['example_complex']) retrieved from /home/airflow/.local/lib/python3.7/site-packages/airflow/example_dags/example_complex.py
[2024-05-09T06:23:48.329+0000] {logging_mixin.py:120} INFO - [2024-05-09T06:23:48.329+0000] {manager.py:507} INFO - Created Permission View: can delete on DAG:example_complex
[2024-05-09T06:23:48.365+0000] {logging_mixin.py:120} INFO - [2024-05-09T06:23:48.364+0000] {manager.py:507} INFO - Created Permission View: can edit on DAG:example_complex
[2024-05-09T06:23:48.417+0000] {logging_mixin.py:120} INFO - [2024-05-09T06:23:48.417+0000] {manager.py:507} INFO - Created Permission View: can read on DAG:example_complex
[2024-05-09T06:23:48.419+0000] {logging_mixin.py:120} INFO - [2024-05-09T06:23:48.419+0000] {dag.py:2585} INFO - Sync 1 DAGs
[2024-05-09T06:23:48.473+0000] {logging_mixin.py:120} INFO - [2024-05-09T06:23:48.473+0000] {dag.py:2606} INFO - Creating ORM DAG for example_complex
[2024-05-09T06:23:48.505+0000] {logging_mixin.py:120} INFO - [2024-05-09T06:23:48.505+0000] {dag.py:3340} INFO - Setting next_dagrun for example_complex to None, run_after=None
[2024-05-09T06:23:48.589+0000] {processor.py:176} INFO - Processing /home/airflow/.local/lib/python3.7/site-packages/airflow/example_dags/example_complex.py took 0.918 seconds
[2024-05-09T06:24:18.699+0000] {processor.py:154} INFO - Started process (PID=141) to work on /home/airflow/.local/lib/python3.7/site-packages/airflow/example_dags/example_complex.py
[2024-05-09T06:24:18.702+0000] {processor.py:756} INFO - Processing file /home/airflow/.local/lib/python3.7/site-packages/airflow/example_dags/example_complex.py for tasks to queue
[2024-05-09T06:24:18.707+0000] {logging_mixin.py:120} INFO - [2024-05-09T06:24:18.706+0000] {dagbag.py:537} INFO - Filling up the DagBag from /home/airflow/.local/lib/python3.7/site-packages/airflow/example_dags/example_complex.py
[2024-05-09T06:24:18.741+0000] {logging_mixin.py:120} INFO - [2024-05-09T06:24:18.741+0000] {taskmixin.py:205} WARNING - Dependency <Task(BashOperator): create_entry_group>, delete_entry_group already registered for DAG: example_complex
[2024-05-09T06:24:18.758+0000] {logging_mixin.py:120} INFO - [2024-05-09T06:24:18.758+0000] {taskmixin.py:205} WARNING - Dependency <Task(BashOperator): delete_entry_group>, create_entry_group already registered for DAG: example_complex
[2024-05-09T06:24:18.760+0000] {logging_mixin.py:120} INFO - [2024-05-09T06:24:18.760+0000] {taskmixin.py:205} WARNING - Dependency <Task(BashOperator): create_entry_gcs>, delete_entry already registered for DAG: example_complex
[2024-05-09T06:24:18.763+0000] {logging_mixin.py:120} INFO - [2024-05-09T06:24:18.763+0000] {taskmixin.py:205} WARNING - Dependency <Task(BashOperator): delete_entry>, create_entry_gcs already registered for DAG: example_complex
[2024-05-09T06:24:18.770+0000] {logging_mixin.py:120} INFO - [2024-05-09T06:24:18.770+0000] {taskmixin.py:205} WARNING - Dependency <Task(BashOperator): create_tag>, delete_tag already registered for DAG: example_complex
[2024-05-09T06:24:18.772+0000] {logging_mixin.py:120} INFO - [2024-05-09T06:24:18.771+0000] {taskmixin.py:205} WARNING - Dependency <Task(BashOperator): delete_tag>, create_tag already registered for DAG: example_complex
[2024-05-09T06:24:18.793+0000] {processor.py:766} INFO - DAG(s) dict_keys(['example_complex']) retrieved from /home/airflow/.local/lib/python3.7/site-packages/airflow/example_dags/example_complex.py
[2024-05-09T06:24:18.942+0000] {logging_mixin.py:120} INFO - [2024-05-09T06:24:18.942+0000] {dag.py:2585} INFO - Sync 1 DAGs
[2024-05-09T06:24:19.008+0000] {logging_mixin.py:120} INFO - [2024-05-09T06:24:19.007+0000] {dag.py:3340} INFO - Setting next_dagrun for example_complex to None, run_after=None
[2024-05-09T06:24:19.078+0000] {processor.py:176} INFO - Processing /home/airflow/.local/lib/python3.7/site-packages/airflow/example_dags/example_complex.py took 0.385 seconds
[2024-05-09T06:24:49.383+0000] {processor.py:154} INFO - Started process (PID=194) to work on /home/airflow/.local/lib/python3.7/site-packages/airflow/example_dags/example_complex.py
[2024-05-09T06:24:49.386+0000] {processor.py:756} INFO - Processing file /home/airflow/.local/lib/python3.7/site-packages/airflow/example_dags/example_complex.py for tasks to queue
[2024-05-09T06:24:49.389+0000] {logging_mixin.py:120} INFO - [2024-05-09T06:24:49.389+0000] {dagbag.py:537} INFO - Filling up the DagBag from /home/airflow/.local/lib/python3.7/site-packages/airflow/example_dags/example_complex.py
[2024-05-09T06:24:49.423+0000] {logging_mixin.py:120} INFO - [2024-05-09T06:24:49.423+0000] {taskmixin.py:205} WARNING - Dependency <Task(BashOperator): create_entry_group>, delete_entry_group already registered for DAG: example_complex
[2024-05-09T06:24:49.425+0000] {logging_mixin.py:120} INFO - [2024-05-09T06:24:49.425+0000] {taskmixin.py:205} WARNING - Dependency <Task(BashOperator): delete_entry_group>, create_entry_group already registered for DAG: example_complex
[2024-05-09T06:24:49.428+0000] {logging_mixin.py:120} INFO - [2024-05-09T06:24:49.428+0000] {taskmixin.py:205} WARNING - Dependency <Task(BashOperator): create_entry_gcs>, delete_entry already registered for DAG: example_complex
[2024-05-09T06:24:49.432+0000] {logging_mixin.py:120} INFO - [2024-05-09T06:24:49.431+0000] {taskmixin.py:205} WARNING - Dependency <Task(BashOperator): delete_entry>, create_entry_gcs already registered for DAG: example_complex
[2024-05-09T06:24:49.434+0000] {logging_mixin.py:120} INFO - [2024-05-09T06:24:49.434+0000] {taskmixin.py:205} WARNING - Dependency <Task(BashOperator): create_tag>, delete_tag already registered for DAG: example_complex
[2024-05-09T06:24:49.437+0000] {logging_mixin.py:120} INFO - [2024-05-09T06:24:49.436+0000] {taskmixin.py:205} WARNING - Dependency <Task(BashOperator): delete_tag>, create_tag already registered for DAG: example_complex
[2024-05-09T06:24:49.453+0000] {processor.py:766} INFO - DAG(s) dict_keys(['example_complex']) retrieved from /home/airflow/.local/lib/python3.7/site-packages/airflow/example_dags/example_complex.py
[2024-05-09T06:24:49.575+0000] {logging_mixin.py:120} INFO - [2024-05-09T06:24:49.575+0000] {dag.py:2585} INFO - Sync 1 DAGs
[2024-05-09T06:24:49.658+0000] {logging_mixin.py:120} INFO - [2024-05-09T06:24:49.657+0000] {dag.py:3340} INFO - Setting next_dagrun for example_complex to None, run_after=None
[2024-05-09T06:24:49.710+0000] {processor.py:176} INFO - Processing /home/airflow/.local/lib/python3.7/site-packages/airflow/example_dags/example_complex.py took 0.333 seconds
