[2024-05-09T06:23:42.750+0000] {processor.py:154} INFO - Started process (PID=79) to work on /home/airflow/.local/lib/python3.7/site-packages/airflow/example_dags/example_branch_datetime_operator.py
[2024-05-09T06:23:42.754+0000] {processor.py:756} INFO - Processing file /home/airflow/.local/lib/python3.7/site-packages/airflow/example_dags/example_branch_datetime_operator.py for tasks to queue
[2024-05-09T06:23:42.757+0000] {logging_mixin.py:120} INFO - [2024-05-09T06:23:42.756+0000] {dagbag.py:537} INFO - Filling up the DagBag from /home/airflow/.local/lib/python3.7/site-packages/airflow/example_dags/example_branch_datetime_operator.py
[2024-05-09T06:23:42.809+0000] {processor.py:766} INFO - DAG(s) dict_keys(['example_branch_datetime_operator_3', 'example_branch_datetime_operator', 'example_branch_datetime_operator_2']) retrieved from /home/airflow/.local/lib/python3.7/site-packages/airflow/example_dags/example_branch_datetime_operator.py
[2024-05-09T06:23:43.179+0000] {logging_mixin.py:120} INFO - [2024-05-09T06:23:43.179+0000] {manager.py:507} INFO - Created Permission View: can delete on DAG:example_branch_datetime_operator_3
[2024-05-09T06:23:43.203+0000] {logging_mixin.py:120} INFO - [2024-05-09T06:23:43.202+0000] {manager.py:507} INFO - Created Permission View: can edit on DAG:example_branch_datetime_operator_3
[2024-05-09T06:23:43.230+0000] {logging_mixin.py:120} INFO - [2024-05-09T06:23:43.230+0000] {manager.py:507} INFO - Created Permission View: can read on DAG:example_branch_datetime_operator_3
[2024-05-09T06:23:43.286+0000] {logging_mixin.py:120} INFO - [2024-05-09T06:23:43.286+0000] {manager.py:507} INFO - Created Permission View: can delete on DAG:example_branch_datetime_operator
[2024-05-09T06:23:43.310+0000] {logging_mixin.py:120} INFO - [2024-05-09T06:23:43.310+0000] {manager.py:507} INFO - Created Permission View: can edit on DAG:example_branch_datetime_operator
[2024-05-09T06:23:43.354+0000] {logging_mixin.py:120} INFO - [2024-05-09T06:23:43.354+0000] {manager.py:507} INFO - Created Permission View: can read on DAG:example_branch_datetime_operator
[2024-05-09T06:23:43.404+0000] {logging_mixin.py:120} INFO - [2024-05-09T06:23:43.404+0000] {manager.py:507} INFO - Created Permission View: can delete on DAG:example_branch_datetime_operator_2
[2024-05-09T06:23:43.438+0000] {logging_mixin.py:120} INFO - [2024-05-09T06:23:43.438+0000] {manager.py:507} INFO - Created Permission View: can edit on DAG:example_branch_datetime_operator_2
[2024-05-09T06:23:43.468+0000] {logging_mixin.py:120} INFO - [2024-05-09T06:23:43.467+0000] {manager.py:507} INFO - Created Permission View: can read on DAG:example_branch_datetime_operator_2
[2024-05-09T06:23:43.471+0000] {logging_mixin.py:120} INFO - [2024-05-09T06:23:43.471+0000] {dag.py:2585} INFO - Sync 3 DAGs
[2024-05-09T06:23:43.557+0000] {logging_mixin.py:120} INFO - [2024-05-09T06:23:43.556+0000] {dag.py:2606} INFO - Creating ORM DAG for example_branch_datetime_operator_3
[2024-05-09T06:23:43.563+0000] {logging_mixin.py:120} INFO - [2024-05-09T06:23:43.562+0000] {dag.py:2606} INFO - Creating ORM DAG for example_branch_datetime_operator_2
[2024-05-09T06:23:43.585+0000] {logging_mixin.py:120} INFO - [2024-05-09T06:23:43.584+0000] {dag.py:2606} INFO - Creating ORM DAG for example_branch_datetime_operator
[2024-05-09T06:23:43.666+0000] {logging_mixin.py:120} INFO - [2024-05-09T06:23:43.666+0000] {dag.py:3340} INFO - Setting next_dagrun for example_branch_datetime_operator to 2024-05-08T00:00:00+00:00, run_after=2024-05-09T00:00:00+00:00
[2024-05-09T06:23:43.677+0000] {logging_mixin.py:120} INFO - [2024-05-09T06:23:43.677+0000] {dag.py:3340} INFO - Setting next_dagrun for example_branch_datetime_operator_2 to 2024-05-08T00:00:00+00:00, run_after=2024-05-09T00:00:00+00:00
[2024-05-09T06:23:43.685+0000] {logging_mixin.py:120} INFO - [2024-05-09T06:23:43.685+0000] {dag.py:3340} INFO - Setting next_dagrun for example_branch_datetime_operator_3 to 2024-05-08T00:00:00+00:00, run_after=2024-05-09T00:00:00+00:00
[2024-05-09T06:23:43.753+0000] {processor.py:176} INFO - Processing /home/airflow/.local/lib/python3.7/site-packages/airflow/example_dags/example_branch_datetime_operator.py took 1.011 seconds
[2024-05-09T06:24:13.891+0000] {processor.py:154} INFO - Started process (PID=133) to work on /home/airflow/.local/lib/python3.7/site-packages/airflow/example_dags/example_branch_datetime_operator.py
[2024-05-09T06:24:13.895+0000] {processor.py:756} INFO - Processing file /home/airflow/.local/lib/python3.7/site-packages/airflow/example_dags/example_branch_datetime_operator.py for tasks to queue
[2024-05-09T06:24:13.900+0000] {logging_mixin.py:120} INFO - [2024-05-09T06:24:13.899+0000] {dagbag.py:537} INFO - Filling up the DagBag from /home/airflow/.local/lib/python3.7/site-packages/airflow/example_dags/example_branch_datetime_operator.py
[2024-05-09T06:24:14.005+0000] {processor.py:766} INFO - DAG(s) dict_keys(['example_branch_datetime_operator', 'example_branch_datetime_operator_3', 'example_branch_datetime_operator_2']) retrieved from /home/airflow/.local/lib/python3.7/site-packages/airflow/example_dags/example_branch_datetime_operator.py
[2024-05-09T06:24:14.221+0000] {logging_mixin.py:120} INFO - [2024-05-09T06:24:14.221+0000] {dag.py:2585} INFO - Sync 3 DAGs
[2024-05-09T06:24:14.344+0000] {logging_mixin.py:120} INFO - [2024-05-09T06:24:14.343+0000] {dag.py:3340} INFO - Setting next_dagrun for example_branch_datetime_operator to 2024-05-08T00:00:00+00:00, run_after=2024-05-09T00:00:00+00:00
[2024-05-09T06:24:14.368+0000] {logging_mixin.py:120} INFO - [2024-05-09T06:24:14.367+0000] {dag.py:3340} INFO - Setting next_dagrun for example_branch_datetime_operator_2 to 2024-05-08T00:00:00+00:00, run_after=2024-05-09T00:00:00+00:00
[2024-05-09T06:24:14.383+0000] {logging_mixin.py:120} INFO - [2024-05-09T06:24:14.383+0000] {dag.py:3340} INFO - Setting next_dagrun for example_branch_datetime_operator_3 to 2024-05-08T00:00:00+00:00, run_after=2024-05-09T00:00:00+00:00
[2024-05-09T06:24:14.471+0000] {processor.py:176} INFO - Processing /home/airflow/.local/lib/python3.7/site-packages/airflow/example_dags/example_branch_datetime_operator.py took 0.590 seconds
[2024-05-09T06:24:46.879+0000] {processor.py:154} INFO - Started process (PID=187) to work on /home/airflow/.local/lib/python3.7/site-packages/airflow/example_dags/example_branch_datetime_operator.py
[2024-05-09T06:24:46.884+0000] {processor.py:756} INFO - Processing file /home/airflow/.local/lib/python3.7/site-packages/airflow/example_dags/example_branch_datetime_operator.py for tasks to queue
[2024-05-09T06:24:46.889+0000] {logging_mixin.py:120} INFO - [2024-05-09T06:24:46.888+0000] {dagbag.py:537} INFO - Filling up the DagBag from /home/airflow/.local/lib/python3.7/site-packages/airflow/example_dags/example_branch_datetime_operator.py
[2024-05-09T06:24:47.029+0000] {processor.py:766} INFO - DAG(s) dict_keys(['example_branch_datetime_operator', 'example_branch_datetime_operator_2', 'example_branch_datetime_operator_3']) retrieved from /home/airflow/.local/lib/python3.7/site-packages/airflow/example_dags/example_branch_datetime_operator.py
[2024-05-09T06:24:47.160+0000] {logging_mixin.py:120} INFO - [2024-05-09T06:24:47.160+0000] {dag.py:2585} INFO - Sync 3 DAGs
[2024-05-09T06:24:47.257+0000] {logging_mixin.py:120} INFO - [2024-05-09T06:24:47.257+0000] {dag.py:3340} INFO - Setting next_dagrun for example_branch_datetime_operator to 2024-05-08T00:00:00+00:00, run_after=2024-05-09T00:00:00+00:00
[2024-05-09T06:24:47.275+0000] {logging_mixin.py:120} INFO - [2024-05-09T06:24:47.275+0000] {dag.py:3340} INFO - Setting next_dagrun for example_branch_datetime_operator_2 to 2024-05-08T00:00:00+00:00, run_after=2024-05-09T00:00:00+00:00
[2024-05-09T06:24:47.289+0000] {logging_mixin.py:120} INFO - [2024-05-09T06:24:47.283+0000] {dag.py:3340} INFO - Setting next_dagrun for example_branch_datetime_operator_3 to 2024-05-08T00:00:00+00:00, run_after=2024-05-09T00:00:00+00:00
[2024-05-09T06:24:47.353+0000] {processor.py:176} INFO - Processing /home/airflow/.local/lib/python3.7/site-packages/airflow/example_dags/example_branch_datetime_operator.py took 0.519 seconds
