[2024-05-09T06:23:39.858+0000] {processor.py:154} INFO - Started process (PID=76) to work on /home/airflow/.local/lib/python3.7/site-packages/airflow/example_dags/example_xcomargs.py
[2024-05-09T06:23:39.866+0000] {processor.py:756} INFO - Processing file /home/airflow/.local/lib/python3.7/site-packages/airflow/example_dags/example_xcomargs.py for tasks to queue
[2024-05-09T06:23:39.870+0000] {logging_mixin.py:120} INFO - [2024-05-09T06:23:39.870+0000] {dagbag.py:537} INFO - Filling up the DagBag from /home/airflow/.local/lib/python3.7/site-packages/airflow/example_dags/example_xcomargs.py
[2024-05-09T06:23:39.959+0000] {processor.py:766} INFO - DAG(s) dict_keys(['example_xcom_args_with_operators', 'example_xcom_args']) retrieved from /home/airflow/.local/lib/python3.7/site-packages/airflow/example_dags/example_xcomargs.py
[2024-05-09T06:23:40.406+0000] {logging_mixin.py:120} INFO - [2024-05-09T06:23:40.405+0000] {manager.py:507} INFO - Created Permission View: can delete on DAG:example_xcom_args_with_operators
[2024-05-09T06:23:40.441+0000] {logging_mixin.py:120} INFO - [2024-05-09T06:23:40.440+0000] {manager.py:507} INFO - Created Permission View: can edit on DAG:example_xcom_args_with_operators
[2024-05-09T06:23:40.479+0000] {logging_mixin.py:120} INFO - [2024-05-09T06:23:40.478+0000] {manager.py:507} INFO - Created Permission View: can read on DAG:example_xcom_args_with_operators
[2024-05-09T06:23:40.557+0000] {logging_mixin.py:120} INFO - [2024-05-09T06:23:40.556+0000] {manager.py:507} INFO - Created Permission View: can delete on DAG:example_xcom_args
[2024-05-09T06:23:40.601+0000] {logging_mixin.py:120} INFO - [2024-05-09T06:23:40.599+0000] {manager.py:507} INFO - Created Permission View: can edit on DAG:example_xcom_args
[2024-05-09T06:23:40.630+0000] {logging_mixin.py:120} INFO - [2024-05-09T06:23:40.629+0000] {manager.py:507} INFO - Created Permission View: can read on DAG:example_xcom_args
[2024-05-09T06:23:40.632+0000] {logging_mixin.py:120} INFO - [2024-05-09T06:23:40.632+0000] {dag.py:2585} INFO - Sync 2 DAGs
[2024-05-09T06:23:40.701+0000] {logging_mixin.py:120} INFO - [2024-05-09T06:23:40.700+0000] {dag.py:2606} INFO - Creating ORM DAG for example_xcom_args_with_operators
[2024-05-09T06:23:40.705+0000] {logging_mixin.py:120} INFO - [2024-05-09T06:23:40.705+0000] {dag.py:2606} INFO - Creating ORM DAG for example_xcom_args
[2024-05-09T06:23:40.810+0000] {logging_mixin.py:120} INFO - [2024-05-09T06:23:40.810+0000] {dag.py:3340} INFO - Setting next_dagrun for example_xcom_args to None, run_after=None
[2024-05-09T06:23:40.823+0000] {logging_mixin.py:120} INFO - [2024-05-09T06:23:40.821+0000] {dag.py:3340} INFO - Setting next_dagrun for example_xcom_args_with_operators to None, run_after=None
[2024-05-09T06:23:40.959+0000] {processor.py:176} INFO - Processing /home/airflow/.local/lib/python3.7/site-packages/airflow/example_dags/example_xcomargs.py took 1.109 seconds
[2024-05-09T06:24:11.732+0000] {processor.py:154} INFO - Started process (PID=129) to work on /home/airflow/.local/lib/python3.7/site-packages/airflow/example_dags/example_xcomargs.py
[2024-05-09T06:24:11.738+0000] {processor.py:756} INFO - Processing file /home/airflow/.local/lib/python3.7/site-packages/airflow/example_dags/example_xcomargs.py for tasks to queue
[2024-05-09T06:24:11.747+0000] {logging_mixin.py:120} INFO - [2024-05-09T06:24:11.746+0000] {dagbag.py:537} INFO - Filling up the DagBag from /home/airflow/.local/lib/python3.7/site-packages/airflow/example_dags/example_xcomargs.py
[2024-05-09T06:24:11.819+0000] {processor.py:766} INFO - DAG(s) dict_keys(['example_xcom_args', 'example_xcom_args_with_operators']) retrieved from /home/airflow/.local/lib/python3.7/site-packages/airflow/example_dags/example_xcomargs.py
[2024-05-09T06:24:11.943+0000] {logging_mixin.py:120} INFO - [2024-05-09T06:24:11.942+0000] {dag.py:2585} INFO - Sync 2 DAGs
[2024-05-09T06:24:12.143+0000] {logging_mixin.py:120} INFO - [2024-05-09T06:24:12.142+0000] {dag.py:3340} INFO - Setting next_dagrun for example_xcom_args to None, run_after=None
[2024-05-09T06:24:12.168+0000] {logging_mixin.py:120} INFO - [2024-05-09T06:24:12.168+0000] {dag.py:3340} INFO - Setting next_dagrun for example_xcom_args_with_operators to None, run_after=None
[2024-05-09T06:24:12.245+0000] {processor.py:176} INFO - Processing /home/airflow/.local/lib/python3.7/site-packages/airflow/example_dags/example_xcomargs.py took 0.519 seconds
[2024-05-09T06:24:42.347+0000] {processor.py:154} INFO - Started process (PID=183) to work on /home/airflow/.local/lib/python3.7/site-packages/airflow/example_dags/example_xcomargs.py
[2024-05-09T06:24:42.350+0000] {processor.py:756} INFO - Processing file /home/airflow/.local/lib/python3.7/site-packages/airflow/example_dags/example_xcomargs.py for tasks to queue
[2024-05-09T06:24:42.352+0000] {logging_mixin.py:120} INFO - [2024-05-09T06:24:42.352+0000] {dagbag.py:537} INFO - Filling up the DagBag from /home/airflow/.local/lib/python3.7/site-packages/airflow/example_dags/example_xcomargs.py
[2024-05-09T06:24:42.426+0000] {processor.py:766} INFO - DAG(s) dict_keys(['example_xcom_args', 'example_xcom_args_with_operators']) retrieved from /home/airflow/.local/lib/python3.7/site-packages/airflow/example_dags/example_xcomargs.py
[2024-05-09T06:24:42.567+0000] {logging_mixin.py:120} INFO - [2024-05-09T06:24:42.567+0000] {dag.py:2585} INFO - Sync 2 DAGs
[2024-05-09T06:24:42.641+0000] {logging_mixin.py:120} INFO - [2024-05-09T06:24:42.640+0000] {dag.py:3340} INFO - Setting next_dagrun for example_xcom_args to None, run_after=None
[2024-05-09T06:24:42.653+0000] {logging_mixin.py:120} INFO - [2024-05-09T06:24:42.653+0000] {dag.py:3340} INFO - Setting next_dagrun for example_xcom_args_with_operators to None, run_after=None
[2024-05-09T06:24:42.711+0000] {processor.py:176} INFO - Processing /home/airflow/.local/lib/python3.7/site-packages/airflow/example_dags/example_xcomargs.py took 0.372 seconds
