[2024-05-09T06:23:36.273+0000] {processor.py:154} INFO - Started process (PID=71) to work on /home/airflow/.local/lib/python3.7/site-packages/airflow/example_dags/example_task_group_decorator.py
[2024-05-09T06:23:36.288+0000] {processor.py:756} INFO - Processing file /home/airflow/.local/lib/python3.7/site-packages/airflow/example_dags/example_task_group_decorator.py for tasks to queue
[2024-05-09T06:23:36.312+0000] {logging_mixin.py:120} INFO - [2024-05-09T06:23:36.307+0000] {dagbag.py:537} INFO - Filling up the DagBag from /home/airflow/.local/lib/python3.7/site-packages/airflow/example_dags/example_task_group_decorator.py
[2024-05-09T06:23:36.638+0000] {processor.py:766} INFO - DAG(s) dict_keys(['example_task_group_decorator']) retrieved from /home/airflow/.local/lib/python3.7/site-packages/airflow/example_dags/example_task_group_decorator.py
[2024-05-09T06:23:37.435+0000] {logging_mixin.py:120} INFO - [2024-05-09T06:23:37.435+0000] {manager.py:507} INFO - Created Permission View: can delete on DAG:example_task_group_decorator
[2024-05-09T06:23:37.534+0000] {logging_mixin.py:120} INFO - [2024-05-09T06:23:37.533+0000] {manager.py:507} INFO - Created Permission View: can edit on DAG:example_task_group_decorator
[2024-05-09T06:23:37.558+0000] {logging_mixin.py:120} INFO - [2024-05-09T06:23:37.558+0000] {manager.py:507} INFO - Created Permission View: can read on DAG:example_task_group_decorator
[2024-05-09T06:23:37.560+0000] {logging_mixin.py:120} INFO - [2024-05-09T06:23:37.560+0000] {dag.py:2585} INFO - Sync 1 DAGs
[2024-05-09T06:23:37.645+0000] {logging_mixin.py:120} INFO - [2024-05-09T06:23:37.644+0000] {dag.py:2606} INFO - Creating ORM DAG for example_task_group_decorator
[2024-05-09T06:23:37.730+0000] {logging_mixin.py:120} INFO - [2024-05-09T06:23:37.728+0000] {dag.py:3340} INFO - Setting next_dagrun for example_task_group_decorator to 2024-05-08T06:23:37.722600+00:00, run_after=2024-05-09T06:23:37.722600+00:00
[2024-05-09T06:23:37.919+0000] {processor.py:176} INFO - Processing /home/airflow/.local/lib/python3.7/site-packages/airflow/example_dags/example_task_group_decorator.py took 1.650 seconds
[2024-05-09T06:24:08.256+0000] {processor.py:154} INFO - Started process (PID=125) to work on /home/airflow/.local/lib/python3.7/site-packages/airflow/example_dags/example_task_group_decorator.py
[2024-05-09T06:24:08.258+0000] {processor.py:756} INFO - Processing file /home/airflow/.local/lib/python3.7/site-packages/airflow/example_dags/example_task_group_decorator.py for tasks to queue
[2024-05-09T06:24:08.260+0000] {logging_mixin.py:120} INFO - [2024-05-09T06:24:08.260+0000] {dagbag.py:537} INFO - Filling up the DagBag from /home/airflow/.local/lib/python3.7/site-packages/airflow/example_dags/example_task_group_decorator.py
[2024-05-09T06:24:08.388+0000] {processor.py:766} INFO - DAG(s) dict_keys(['example_task_group_decorator']) retrieved from /home/airflow/.local/lib/python3.7/site-packages/airflow/example_dags/example_task_group_decorator.py
[2024-05-09T06:24:08.590+0000] {logging_mixin.py:120} INFO - [2024-05-09T06:24:08.588+0000] {dag.py:2585} INFO - Sync 1 DAGs
[2024-05-09T06:24:08.761+0000] {logging_mixin.py:120} INFO - [2024-05-09T06:24:08.760+0000] {dag.py:3340} INFO - Setting next_dagrun for example_task_group_decorator to 2024-05-08T06:24:08.760632+00:00, run_after=2024-05-09T06:24:08.760632+00:00
[2024-05-09T06:24:08.892+0000] {processor.py:176} INFO - Processing /home/airflow/.local/lib/python3.7/site-packages/airflow/example_dags/example_task_group_decorator.py took 0.644 seconds
[2024-05-09T06:24:40.423+0000] {processor.py:154} INFO - Started process (PID=179) to work on /home/airflow/.local/lib/python3.7/site-packages/airflow/example_dags/example_task_group_decorator.py
[2024-05-09T06:24:40.438+0000] {processor.py:756} INFO - Processing file /home/airflow/.local/lib/python3.7/site-packages/airflow/example_dags/example_task_group_decorator.py for tasks to queue
[2024-05-09T06:24:40.460+0000] {logging_mixin.py:120} INFO - [2024-05-09T06:24:40.453+0000] {dagbag.py:537} INFO - Filling up the DagBag from /home/airflow/.local/lib/python3.7/site-packages/airflow/example_dags/example_task_group_decorator.py
[2024-05-09T06:24:40.945+0000] {processor.py:766} INFO - DAG(s) dict_keys(['example_task_group_decorator']) retrieved from /home/airflow/.local/lib/python3.7/site-packages/airflow/example_dags/example_task_group_decorator.py
[2024-05-09T06:24:41.070+0000] {logging_mixin.py:120} INFO - [2024-05-09T06:24:41.070+0000] {dag.py:2585} INFO - Sync 1 DAGs
[2024-05-09T06:24:41.186+0000] {logging_mixin.py:120} INFO - [2024-05-09T06:24:41.186+0000] {dag.py:3340} INFO - Setting next_dagrun for example_task_group_decorator to 2024-05-08T06:24:41.184988+00:00, run_after=2024-05-09T06:24:41.184988+00:00
[2024-05-09T06:24:41.318+0000] {processor.py:176} INFO - Processing /home/airflow/.local/lib/python3.7/site-packages/airflow/example_dags/example_task_group_decorator.py took 0.975 seconds
