[2024-05-09T06:23:43.832+0000] {processor.py:154} INFO - Started process (PID=81) to work on /home/airflow/.local/lib/python3.7/site-packages/airflow/example_dags/example_short_circuit_decorator.py
[2024-05-09T06:23:43.834+0000] {processor.py:756} INFO - Processing file /home/airflow/.local/lib/python3.7/site-packages/airflow/example_dags/example_short_circuit_decorator.py for tasks to queue
[2024-05-09T06:23:43.840+0000] {logging_mixin.py:120} INFO - [2024-05-09T06:23:43.840+0000] {dagbag.py:537} INFO - Filling up the DagBag from /home/airflow/.local/lib/python3.7/site-packages/airflow/example_dags/example_short_circuit_decorator.py
[2024-05-09T06:23:44.079+0000] {processor.py:766} INFO - DAG(s) dict_keys(['example_short_circuit_decorator']) retrieved from /home/airflow/.local/lib/python3.7/site-packages/airflow/example_dags/example_short_circuit_decorator.py
[2024-05-09T06:23:44.621+0000] {logging_mixin.py:120} INFO - [2024-05-09T06:23:44.620+0000] {manager.py:507} INFO - Created Permission View: can delete on DAG:example_short_circuit_decorator
[2024-05-09T06:23:44.645+0000] {logging_mixin.py:120} INFO - [2024-05-09T06:23:44.645+0000] {manager.py:507} INFO - Created Permission View: can edit on DAG:example_short_circuit_decorator
[2024-05-09T06:23:44.662+0000] {logging_mixin.py:120} INFO - [2024-05-09T06:23:44.662+0000] {manager.py:507} INFO - Created Permission View: can read on DAG:example_short_circuit_decorator
[2024-05-09T06:23:44.663+0000] {logging_mixin.py:120} INFO - [2024-05-09T06:23:44.663+0000] {dag.py:2585} INFO - Sync 1 DAGs
[2024-05-09T06:23:44.692+0000] {logging_mixin.py:120} INFO - [2024-05-09T06:23:44.692+0000] {dag.py:2606} INFO - Creating ORM DAG for example_short_circuit_decorator
[2024-05-09T06:23:44.719+0000] {logging_mixin.py:120} INFO - [2024-05-09T06:23:44.718+0000] {dag.py:3340} INFO - Setting next_dagrun for example_short_circuit_decorator to 2024-05-08T06:23:44.718598+00:00, run_after=2024-05-09T06:23:44.718598+00:00
[2024-05-09T06:23:44.794+0000] {processor.py:176} INFO - Processing /home/airflow/.local/lib/python3.7/site-packages/airflow/example_dags/example_short_circuit_decorator.py took 0.970 seconds
[2024-05-09T06:24:15.568+0000] {processor.py:154} INFO - Started process (PID=135) to work on /home/airflow/.local/lib/python3.7/site-packages/airflow/example_dags/example_short_circuit_decorator.py
[2024-05-09T06:24:15.578+0000] {processor.py:756} INFO - Processing file /home/airflow/.local/lib/python3.7/site-packages/airflow/example_dags/example_short_circuit_decorator.py for tasks to queue
[2024-05-09T06:24:15.714+0000] {logging_mixin.py:120} INFO - [2024-05-09T06:24:15.714+0000] {dagbag.py:537} INFO - Filling up the DagBag from /home/airflow/.local/lib/python3.7/site-packages/airflow/example_dags/example_short_circuit_decorator.py
[2024-05-09T06:24:15.784+0000] {processor.py:766} INFO - DAG(s) dict_keys(['example_short_circuit_decorator']) retrieved from /home/airflow/.local/lib/python3.7/site-packages/airflow/example_dags/example_short_circuit_decorator.py
[2024-05-09T06:24:15.927+0000] {logging_mixin.py:120} INFO - [2024-05-09T06:24:15.927+0000] {dag.py:2585} INFO - Sync 1 DAGs
[2024-05-09T06:24:16.069+0000] {logging_mixin.py:120} INFO - [2024-05-09T06:24:16.069+0000] {dag.py:3340} INFO - Setting next_dagrun for example_short_circuit_decorator to 2024-05-08T06:24:16.068832+00:00, run_after=2024-05-09T06:24:16.068832+00:00
[2024-05-09T06:24:16.192+0000] {processor.py:176} INFO - Processing /home/airflow/.local/lib/python3.7/site-packages/airflow/example_dags/example_short_circuit_decorator.py took 0.629 seconds
[2024-05-09T06:24:47.894+0000] {processor.py:154} INFO - Started process (PID=189) to work on /home/airflow/.local/lib/python3.7/site-packages/airflow/example_dags/example_short_circuit_decorator.py
[2024-05-09T06:24:47.908+0000] {processor.py:756} INFO - Processing file /home/airflow/.local/lib/python3.7/site-packages/airflow/example_dags/example_short_circuit_decorator.py for tasks to queue
[2024-05-09T06:24:47.911+0000] {logging_mixin.py:120} INFO - [2024-05-09T06:24:47.910+0000] {dagbag.py:537} INFO - Filling up the DagBag from /home/airflow/.local/lib/python3.7/site-packages/airflow/example_dags/example_short_circuit_decorator.py
[2024-05-09T06:24:48.116+0000] {processor.py:766} INFO - DAG(s) dict_keys(['example_short_circuit_decorator']) retrieved from /home/airflow/.local/lib/python3.7/site-packages/airflow/example_dags/example_short_circuit_decorator.py
[2024-05-09T06:24:48.248+0000] {logging_mixin.py:120} INFO - [2024-05-09T06:24:48.248+0000] {dag.py:2585} INFO - Sync 1 DAGs
[2024-05-09T06:24:48.303+0000] {logging_mixin.py:120} INFO - [2024-05-09T06:24:48.303+0000] {dag.py:3340} INFO - Setting next_dagrun for example_short_circuit_decorator to 2024-05-08T06:24:48.302989+00:00, run_after=2024-05-09T06:24:48.302989+00:00
[2024-05-09T06:24:48.352+0000] {processor.py:176} INFO - Processing /home/airflow/.local/lib/python3.7/site-packages/airflow/example_dags/example_short_circuit_decorator.py took 0.471 seconds
