[2024-05-09T06:23:28.072+0000] {processor.py:154} INFO - Started process (PID=52) to work on /home/airflow/.local/lib/python3.7/site-packages/airflow/example_dags/example_nested_branch_dag.py
[2024-05-09T06:23:28.081+0000] {processor.py:756} INFO - Processing file /home/airflow/.local/lib/python3.7/site-packages/airflow/example_dags/example_nested_branch_dag.py for tasks to queue
[2024-05-09T06:23:28.088+0000] {logging_mixin.py:120} INFO - [2024-05-09T06:23:28.087+0000] {dagbag.py:537} INFO - Filling up the DagBag from /home/airflow/.local/lib/python3.7/site-packages/airflow/example_dags/example_nested_branch_dag.py
[2024-05-09T06:23:28.248+0000] {processor.py:766} INFO - DAG(s) dict_keys(['example_nested_branch_dag']) retrieved from /home/airflow/.local/lib/python3.7/site-packages/airflow/example_dags/example_nested_branch_dag.py
[2024-05-09T06:23:29.282+0000] {logging_mixin.py:120} INFO - [2024-05-09T06:23:29.281+0000] {manager.py:507} INFO - Created Permission View: can delete on DAG:example_nested_branch_dag
[2024-05-09T06:23:29.312+0000] {logging_mixin.py:120} INFO - [2024-05-09T06:23:29.311+0000] {manager.py:507} INFO - Created Permission View: can edit on DAG:example_nested_branch_dag
[2024-05-09T06:23:29.353+0000] {logging_mixin.py:120} INFO - [2024-05-09T06:23:29.353+0000] {manager.py:507} INFO - Created Permission View: can read on DAG:example_nested_branch_dag
[2024-05-09T06:23:29.356+0000] {logging_mixin.py:120} INFO - [2024-05-09T06:23:29.356+0000] {dag.py:2585} INFO - Sync 1 DAGs
[2024-05-09T06:23:29.387+0000] {logging_mixin.py:120} INFO - [2024-05-09T06:23:29.386+0000] {dag.py:2606} INFO - Creating ORM DAG for example_nested_branch_dag
[2024-05-09T06:23:29.438+0000] {logging_mixin.py:120} INFO - [2024-05-09T06:23:29.437+0000] {dag.py:3340} INFO - Setting next_dagrun for example_nested_branch_dag to 2024-05-08T00:00:00+00:00, run_after=2024-05-09T00:00:00+00:00
[2024-05-09T06:23:29.514+0000] {processor.py:176} INFO - Processing /home/airflow/.local/lib/python3.7/site-packages/airflow/example_dags/example_nested_branch_dag.py took 1.448 seconds
[2024-05-09T06:23:59.785+0000] {processor.py:154} INFO - Started process (PID=106) to work on /home/airflow/.local/lib/python3.7/site-packages/airflow/example_dags/example_nested_branch_dag.py
[2024-05-09T06:23:59.793+0000] {processor.py:756} INFO - Processing file /home/airflow/.local/lib/python3.7/site-packages/airflow/example_dags/example_nested_branch_dag.py for tasks to queue
[2024-05-09T06:23:59.800+0000] {logging_mixin.py:120} INFO - [2024-05-09T06:23:59.799+0000] {dagbag.py:537} INFO - Filling up the DagBag from /home/airflow/.local/lib/python3.7/site-packages/airflow/example_dags/example_nested_branch_dag.py
[2024-05-09T06:23:59.929+0000] {processor.py:766} INFO - DAG(s) dict_keys(['example_nested_branch_dag']) retrieved from /home/airflow/.local/lib/python3.7/site-packages/airflow/example_dags/example_nested_branch_dag.py
[2024-05-09T06:24:00.013+0000] {logging_mixin.py:120} INFO - [2024-05-09T06:24:00.013+0000] {dag.py:2585} INFO - Sync 1 DAGs
[2024-05-09T06:24:00.159+0000] {logging_mixin.py:120} INFO - [2024-05-09T06:24:00.157+0000] {dag.py:3340} INFO - Setting next_dagrun for example_nested_branch_dag to 2024-05-08T00:00:00+00:00, run_after=2024-05-09T00:00:00+00:00
[2024-05-09T06:24:00.438+0000] {processor.py:176} INFO - Processing /home/airflow/.local/lib/python3.7/site-packages/airflow/example_dags/example_nested_branch_dag.py took 0.663 seconds
[2024-05-09T06:24:30.704+0000] {processor.py:154} INFO - Started process (PID=159) to work on /home/airflow/.local/lib/python3.7/site-packages/airflow/example_dags/example_nested_branch_dag.py
[2024-05-09T06:24:30.706+0000] {processor.py:756} INFO - Processing file /home/airflow/.local/lib/python3.7/site-packages/airflow/example_dags/example_nested_branch_dag.py for tasks to queue
[2024-05-09T06:24:30.708+0000] {logging_mixin.py:120} INFO - [2024-05-09T06:24:30.708+0000] {dagbag.py:537} INFO - Filling up the DagBag from /home/airflow/.local/lib/python3.7/site-packages/airflow/example_dags/example_nested_branch_dag.py
[2024-05-09T06:24:30.744+0000] {processor.py:766} INFO - DAG(s) dict_keys(['example_nested_branch_dag']) retrieved from /home/airflow/.local/lib/python3.7/site-packages/airflow/example_dags/example_nested_branch_dag.py
[2024-05-09T06:24:30.873+0000] {logging_mixin.py:120} INFO - [2024-05-09T06:24:30.873+0000] {dag.py:2585} INFO - Sync 1 DAGs
[2024-05-09T06:24:30.951+0000] {logging_mixin.py:120} INFO - [2024-05-09T06:24:30.951+0000] {dag.py:3340} INFO - Setting next_dagrun for example_nested_branch_dag to 2024-05-08T00:00:00+00:00, run_after=2024-05-09T00:00:00+00:00
[2024-05-09T06:24:31.009+0000] {processor.py:176} INFO - Processing /home/airflow/.local/lib/python3.7/site-packages/airflow/example_dags/example_nested_branch_dag.py took 0.310 seconds
