[2024-05-09T06:23:29.568+0000] {processor.py:154} INFO - Started process (PID=53) to work on /home/airflow/.local/lib/python3.7/site-packages/airflow/example_dags/example_python_operator.py
[2024-05-09T06:23:29.571+0000] {processor.py:756} INFO - Processing file /home/airflow/.local/lib/python3.7/site-packages/airflow/example_dags/example_python_operator.py for tasks to queue
[2024-05-09T06:23:29.574+0000] {logging_mixin.py:120} INFO - [2024-05-09T06:23:29.574+0000] {dagbag.py:537} INFO - Filling up the DagBag from /home/airflow/.local/lib/python3.7/site-packages/airflow/example_dags/example_python_operator.py
[2024-05-09T06:23:29.625+0000] {logging_mixin.py:120} INFO - [2024-05-09T06:23:29.625+0000] {taskmixin.py:205} WARNING - Dependency <Task(_PythonDecoratedOperator): print_the_context>, log_sql_query already registered for DAG: example_python_operator
[2024-05-09T06:23:29.630+0000] {logging_mixin.py:120} INFO - [2024-05-09T06:23:29.630+0000] {taskmixin.py:205} WARNING - Dependency <Task(_PythonDecoratedOperator): log_sql_query>, print_the_context already registered for DAG: example_python_operator
[2024-05-09T06:23:29.635+0000] {logging_mixin.py:120} INFO - [2024-05-09T06:23:29.635+0000] {taskmixin.py:205} WARNING - Dependency <Task(_PythonDecoratedOperator): print_the_context>, log_sql_query already registered for DAG: example_python_operator
[2024-05-09T06:23:29.637+0000] {logging_mixin.py:120} INFO - [2024-05-09T06:23:29.636+0000] {taskmixin.py:205} WARNING - Dependency <Task(_PythonDecoratedOperator): log_sql_query>, print_the_context already registered for DAG: example_python_operator
[2024-05-09T06:23:29.642+0000] {logging_mixin.py:120} INFO - [2024-05-09T06:23:29.642+0000] {taskmixin.py:205} WARNING - Dependency <Task(_PythonDecoratedOperator): print_the_context>, log_sql_query already registered for DAG: example_python_operator
[2024-05-09T06:23:29.646+0000] {logging_mixin.py:120} INFO - [2024-05-09T06:23:29.646+0000] {taskmixin.py:205} WARNING - Dependency <Task(_PythonDecoratedOperator): log_sql_query>, print_the_context already registered for DAG: example_python_operator
[2024-05-09T06:23:29.652+0000] {logging_mixin.py:120} INFO - [2024-05-09T06:23:29.651+0000] {taskmixin.py:205} WARNING - Dependency <Task(_PythonDecoratedOperator): print_the_context>, log_sql_query already registered for DAG: example_python_operator
[2024-05-09T06:23:29.657+0000] {logging_mixin.py:120} INFO - [2024-05-09T06:23:29.656+0000] {taskmixin.py:205} WARNING - Dependency <Task(_PythonDecoratedOperator): log_sql_query>, print_the_context already registered for DAG: example_python_operator
[2024-05-09T06:23:29.684+0000] {processor.py:766} INFO - DAG(s) dict_keys(['example_python_operator']) retrieved from /home/airflow/.local/lib/python3.7/site-packages/airflow/example_dags/example_python_operator.py
[2024-05-09T06:23:30.465+0000] {logging_mixin.py:120} INFO - [2024-05-09T06:23:30.464+0000] {manager.py:507} INFO - Created Permission View: can delete on DAG:example_python_operator
[2024-05-09T06:23:30.547+0000] {logging_mixin.py:120} INFO - [2024-05-09T06:23:30.546+0000] {manager.py:507} INFO - Created Permission View: can edit on DAG:example_python_operator
[2024-05-09T06:23:30.598+0000] {logging_mixin.py:120} INFO - [2024-05-09T06:23:30.598+0000] {manager.py:507} INFO - Created Permission View: can read on DAG:example_python_operator
[2024-05-09T06:23:30.600+0000] {logging_mixin.py:120} INFO - [2024-05-09T06:23:30.600+0000] {dag.py:2585} INFO - Sync 1 DAGs
[2024-05-09T06:23:30.643+0000] {logging_mixin.py:120} INFO - [2024-05-09T06:23:30.643+0000] {dag.py:2606} INFO - Creating ORM DAG for example_python_operator
[2024-05-09T06:23:30.674+0000] {logging_mixin.py:120} INFO - [2024-05-09T06:23:30.674+0000] {dag.py:3340} INFO - Setting next_dagrun for example_python_operator to None, run_after=None
[2024-05-09T06:23:30.740+0000] {processor.py:176} INFO - Processing /home/airflow/.local/lib/python3.7/site-packages/airflow/example_dags/example_python_operator.py took 1.177 seconds
[2024-05-09T06:24:01.547+0000] {processor.py:154} INFO - Started process (PID=107) to work on /home/airflow/.local/lib/python3.7/site-packages/airflow/example_dags/example_python_operator.py
[2024-05-09T06:24:01.561+0000] {processor.py:756} INFO - Processing file /home/airflow/.local/lib/python3.7/site-packages/airflow/example_dags/example_python_operator.py for tasks to queue
[2024-05-09T06:24:01.581+0000] {logging_mixin.py:120} INFO - [2024-05-09T06:24:01.581+0000] {dagbag.py:537} INFO - Filling up the DagBag from /home/airflow/.local/lib/python3.7/site-packages/airflow/example_dags/example_python_operator.py
[2024-05-09T06:24:01.878+0000] {logging_mixin.py:120} INFO - [2024-05-09T06:24:01.876+0000] {taskmixin.py:205} WARNING - Dependency <Task(_PythonDecoratedOperator): print_the_context>, log_sql_query already registered for DAG: example_python_operator
[2024-05-09T06:24:01.881+0000] {logging_mixin.py:120} INFO - [2024-05-09T06:24:01.881+0000] {taskmixin.py:205} WARNING - Dependency <Task(_PythonDecoratedOperator): log_sql_query>, print_the_context already registered for DAG: example_python_operator
[2024-05-09T06:24:01.886+0000] {logging_mixin.py:120} INFO - [2024-05-09T06:24:01.885+0000] {taskmixin.py:205} WARNING - Dependency <Task(_PythonDecoratedOperator): print_the_context>, log_sql_query already registered for DAG: example_python_operator
[2024-05-09T06:24:01.888+0000] {logging_mixin.py:120} INFO - [2024-05-09T06:24:01.888+0000] {taskmixin.py:205} WARNING - Dependency <Task(_PythonDecoratedOperator): log_sql_query>, print_the_context already registered for DAG: example_python_operator
[2024-05-09T06:24:01.892+0000] {logging_mixin.py:120} INFO - [2024-05-09T06:24:01.891+0000] {taskmixin.py:205} WARNING - Dependency <Task(_PythonDecoratedOperator): print_the_context>, log_sql_query already registered for DAG: example_python_operator
[2024-05-09T06:24:01.893+0000] {logging_mixin.py:120} INFO - [2024-05-09T06:24:01.892+0000] {taskmixin.py:205} WARNING - Dependency <Task(_PythonDecoratedOperator): log_sql_query>, print_the_context already registered for DAG: example_python_operator
[2024-05-09T06:24:01.895+0000] {logging_mixin.py:120} INFO - [2024-05-09T06:24:01.895+0000] {taskmixin.py:205} WARNING - Dependency <Task(_PythonDecoratedOperator): print_the_context>, log_sql_query already registered for DAG: example_python_operator
[2024-05-09T06:24:01.899+0000] {logging_mixin.py:120} INFO - [2024-05-09T06:24:01.899+0000] {taskmixin.py:205} WARNING - Dependency <Task(_PythonDecoratedOperator): log_sql_query>, print_the_context already registered for DAG: example_python_operator
[2024-05-09T06:24:01.916+0000] {processor.py:766} INFO - DAG(s) dict_keys(['example_python_operator']) retrieved from /home/airflow/.local/lib/python3.7/site-packages/airflow/example_dags/example_python_operator.py
[2024-05-09T06:24:02.024+0000] {logging_mixin.py:120} INFO - [2024-05-09T06:24:02.024+0000] {dag.py:2585} INFO - Sync 1 DAGs
[2024-05-09T06:24:02.080+0000] {logging_mixin.py:120} INFO - [2024-05-09T06:24:02.080+0000] {dag.py:3340} INFO - Setting next_dagrun for example_python_operator to None, run_after=None
[2024-05-09T06:24:02.163+0000] {processor.py:176} INFO - Processing /home/airflow/.local/lib/python3.7/site-packages/airflow/example_dags/example_python_operator.py took 0.643 seconds
[2024-05-09T06:24:33.017+0000] {processor.py:154} INFO - Started process (PID=161) to work on /home/airflow/.local/lib/python3.7/site-packages/airflow/example_dags/example_python_operator.py
[2024-05-09T06:24:33.019+0000] {processor.py:756} INFO - Processing file /home/airflow/.local/lib/python3.7/site-packages/airflow/example_dags/example_python_operator.py for tasks to queue
[2024-05-09T06:24:33.020+0000] {logging_mixin.py:120} INFO - [2024-05-09T06:24:33.020+0000] {dagbag.py:537} INFO - Filling up the DagBag from /home/airflow/.local/lib/python3.7/site-packages/airflow/example_dags/example_python_operator.py
[2024-05-09T06:24:33.067+0000] {logging_mixin.py:120} INFO - [2024-05-09T06:24:33.067+0000] {taskmixin.py:205} WARNING - Dependency <Task(_PythonDecoratedOperator): print_the_context>, log_sql_query already registered for DAG: example_python_operator
[2024-05-09T06:24:33.070+0000] {logging_mixin.py:120} INFO - [2024-05-09T06:24:33.070+0000] {taskmixin.py:205} WARNING - Dependency <Task(_PythonDecoratedOperator): log_sql_query>, print_the_context already registered for DAG: example_python_operator
[2024-05-09T06:24:33.072+0000] {logging_mixin.py:120} INFO - [2024-05-09T06:24:33.072+0000] {taskmixin.py:205} WARNING - Dependency <Task(_PythonDecoratedOperator): print_the_context>, log_sql_query already registered for DAG: example_python_operator
[2024-05-09T06:24:33.074+0000] {logging_mixin.py:120} INFO - [2024-05-09T06:24:33.074+0000] {taskmixin.py:205} WARNING - Dependency <Task(_PythonDecoratedOperator): log_sql_query>, print_the_context already registered for DAG: example_python_operator
[2024-05-09T06:24:33.076+0000] {logging_mixin.py:120} INFO - [2024-05-09T06:24:33.076+0000] {taskmixin.py:205} WARNING - Dependency <Task(_PythonDecoratedOperator): print_the_context>, log_sql_query already registered for DAG: example_python_operator
[2024-05-09T06:24:33.078+0000] {logging_mixin.py:120} INFO - [2024-05-09T06:24:33.078+0000] {taskmixin.py:205} WARNING - Dependency <Task(_PythonDecoratedOperator): log_sql_query>, print_the_context already registered for DAG: example_python_operator
[2024-05-09T06:24:33.080+0000] {logging_mixin.py:120} INFO - [2024-05-09T06:24:33.080+0000] {taskmixin.py:205} WARNING - Dependency <Task(_PythonDecoratedOperator): print_the_context>, log_sql_query already registered for DAG: example_python_operator
[2024-05-09T06:24:33.082+0000] {logging_mixin.py:120} INFO - [2024-05-09T06:24:33.082+0000] {taskmixin.py:205} WARNING - Dependency <Task(_PythonDecoratedOperator): log_sql_query>, print_the_context already registered for DAG: example_python_operator
[2024-05-09T06:24:33.098+0000] {processor.py:766} INFO - DAG(s) dict_keys(['example_python_operator']) retrieved from /home/airflow/.local/lib/python3.7/site-packages/airflow/example_dags/example_python_operator.py
[2024-05-09T06:24:33.191+0000] {logging_mixin.py:120} INFO - [2024-05-09T06:24:33.191+0000] {dag.py:2585} INFO - Sync 1 DAGs
[2024-05-09T06:24:33.252+0000] {logging_mixin.py:120} INFO - [2024-05-09T06:24:33.252+0000] {dag.py:3340} INFO - Setting next_dagrun for example_python_operator to None, run_after=None
[2024-05-09T06:24:33.464+0000] {processor.py:176} INFO - Processing /home/airflow/.local/lib/python3.7/site-packages/airflow/example_dags/example_python_operator.py took 0.452 seconds
