[2024-05-09T06:23:38.043+0000] {processor.py:154} INFO - Started process (PID=73) to work on /home/airflow/.local/lib/python3.7/site-packages/airflow/example_dags/tutorial.py
[2024-05-09T06:23:38.055+0000] {processor.py:756} INFO - Processing file /home/airflow/.local/lib/python3.7/site-packages/airflow/example_dags/tutorial.py for tasks to queue
[2024-05-09T06:23:38.063+0000] {logging_mixin.py:120} INFO - [2024-05-09T06:23:38.062+0000] {dagbag.py:537} INFO - Filling up the DagBag from /home/airflow/.local/lib/python3.7/site-packages/airflow/example_dags/tutorial.py
[2024-05-09T06:23:38.164+0000] {processor.py:766} INFO - DAG(s) dict_keys(['tutorial']) retrieved from /home/airflow/.local/lib/python3.7/site-packages/airflow/example_dags/tutorial.py
[2024-05-09T06:23:39.443+0000] {logging_mixin.py:120} INFO - [2024-05-09T06:23:39.443+0000] {manager.py:507} INFO - Created Permission View: can delete on DAG:tutorial
[2024-05-09T06:23:39.469+0000] {logging_mixin.py:120} INFO - [2024-05-09T06:23:39.468+0000] {manager.py:507} INFO - Created Permission View: can edit on DAG:tutorial
[2024-05-09T06:23:39.497+0000] {logging_mixin.py:120} INFO - [2024-05-09T06:23:39.497+0000] {manager.py:507} INFO - Created Permission View: can read on DAG:tutorial
[2024-05-09T06:23:39.500+0000] {logging_mixin.py:120} INFO - [2024-05-09T06:23:39.500+0000] {dag.py:2585} INFO - Sync 1 DAGs
[2024-05-09T06:23:39.536+0000] {logging_mixin.py:120} INFO - [2024-05-09T06:23:39.536+0000] {dag.py:2606} INFO - Creating ORM DAG for tutorial
[2024-05-09T06:23:39.566+0000] {logging_mixin.py:120} INFO - [2024-05-09T06:23:39.566+0000] {dag.py:3340} INFO - Setting next_dagrun for tutorial to 2024-05-08T06:23:39.566226+00:00, run_after=2024-05-09T06:23:39.566226+00:00
[2024-05-09T06:23:39.640+0000] {processor.py:176} INFO - Processing /home/airflow/.local/lib/python3.7/site-packages/airflow/example_dags/tutorial.py took 1.612 seconds
[2024-05-09T06:24:10.076+0000] {processor.py:154} INFO - Started process (PID=127) to work on /home/airflow/.local/lib/python3.7/site-packages/airflow/example_dags/tutorial.py
[2024-05-09T06:24:10.086+0000] {processor.py:756} INFO - Processing file /home/airflow/.local/lib/python3.7/site-packages/airflow/example_dags/tutorial.py for tasks to queue
[2024-05-09T06:24:10.091+0000] {logging_mixin.py:120} INFO - [2024-05-09T06:24:10.091+0000] {dagbag.py:537} INFO - Filling up the DagBag from /home/airflow/.local/lib/python3.7/site-packages/airflow/example_dags/tutorial.py
[2024-05-09T06:24:10.206+0000] {processor.py:766} INFO - DAG(s) dict_keys(['tutorial']) retrieved from /home/airflow/.local/lib/python3.7/site-packages/airflow/example_dags/tutorial.py
[2024-05-09T06:24:10.440+0000] {logging_mixin.py:120} INFO - [2024-05-09T06:24:10.440+0000] {dag.py:2585} INFO - Sync 1 DAGs
[2024-05-09T06:24:10.568+0000] {logging_mixin.py:120} INFO - [2024-05-09T06:24:10.568+0000] {dag.py:3340} INFO - Setting next_dagrun for tutorial to 2024-05-08T06:24:10.568209+00:00, run_after=2024-05-09T06:24:10.568209+00:00
[2024-05-09T06:24:10.656+0000] {processor.py:176} INFO - Processing /home/airflow/.local/lib/python3.7/site-packages/airflow/example_dags/tutorial.py took 0.601 seconds
[2024-05-09T06:24:41.765+0000] {processor.py:154} INFO - Started process (PID=181) to work on /home/airflow/.local/lib/python3.7/site-packages/airflow/example_dags/tutorial.py
[2024-05-09T06:24:41.769+0000] {processor.py:756} INFO - Processing file /home/airflow/.local/lib/python3.7/site-packages/airflow/example_dags/tutorial.py for tasks to queue
[2024-05-09T06:24:41.774+0000] {logging_mixin.py:120} INFO - [2024-05-09T06:24:41.773+0000] {dagbag.py:537} INFO - Filling up the DagBag from /home/airflow/.local/lib/python3.7/site-packages/airflow/example_dags/tutorial.py
[2024-05-09T06:24:41.845+0000] {processor.py:766} INFO - DAG(s) dict_keys(['tutorial']) retrieved from /home/airflow/.local/lib/python3.7/site-packages/airflow/example_dags/tutorial.py
[2024-05-09T06:24:42.029+0000] {logging_mixin.py:120} INFO - [2024-05-09T06:24:42.029+0000] {dag.py:2585} INFO - Sync 1 DAGs
[2024-05-09T06:24:42.197+0000] {logging_mixin.py:120} INFO - [2024-05-09T06:24:42.197+0000] {dag.py:3340} INFO - Setting next_dagrun for tutorial to 2024-05-08T06:24:42.196962+00:00, run_after=2024-05-09T06:24:42.196962+00:00
[2024-05-09T06:24:42.272+0000] {processor.py:176} INFO - Processing /home/airflow/.local/lib/python3.7/site-packages/airflow/example_dags/tutorial.py took 0.519 seconds
