[2024-05-09T06:23:28.070+0000] {processor.py:154} INFO - Started process (PID=51) to work on /home/airflow/.local/lib/python3.7/site-packages/airflow/example_dags/tutorial_taskflow_api.py
[2024-05-09T06:23:28.073+0000] {processor.py:756} INFO - Processing file /home/airflow/.local/lib/python3.7/site-packages/airflow/example_dags/tutorial_taskflow_api.py for tasks to queue
[2024-05-09T06:23:28.081+0000] {logging_mixin.py:120} INFO - [2024-05-09T06:23:28.080+0000] {dagbag.py:537} INFO - Filling up the DagBag from /home/airflow/.local/lib/python3.7/site-packages/airflow/example_dags/tutorial_taskflow_api.py
[2024-05-09T06:23:28.247+0000] {processor.py:766} INFO - DAG(s) dict_keys(['tutorial_taskflow_api']) retrieved from /home/airflow/.local/lib/python3.7/site-packages/airflow/example_dags/tutorial_taskflow_api.py
[2024-05-09T06:23:29.274+0000] {logging_mixin.py:120} INFO - [2024-05-09T06:23:29.273+0000] {manager.py:507} INFO - Created Permission View: can delete on DAG:tutorial_taskflow_api
[2024-05-09T06:23:29.306+0000] {logging_mixin.py:120} INFO - [2024-05-09T06:23:29.306+0000] {manager.py:507} INFO - Created Permission View: can edit on DAG:tutorial_taskflow_api
[2024-05-09T06:23:29.345+0000] {logging_mixin.py:120} INFO - [2024-05-09T06:23:29.344+0000] {manager.py:507} INFO - Created Permission View: can read on DAG:tutorial_taskflow_api
[2024-05-09T06:23:29.349+0000] {logging_mixin.py:120} INFO - [2024-05-09T06:23:29.349+0000] {dag.py:2585} INFO - Sync 1 DAGs
[2024-05-09T06:23:29.385+0000] {logging_mixin.py:120} INFO - [2024-05-09T06:23:29.385+0000] {dag.py:2606} INFO - Creating ORM DAG for tutorial_taskflow_api
[2024-05-09T06:23:29.415+0000] {logging_mixin.py:120} INFO - [2024-05-09T06:23:29.415+0000] {dag.py:3340} INFO - Setting next_dagrun for tutorial_taskflow_api to None, run_after=None
[2024-05-09T06:23:29.481+0000] {processor.py:176} INFO - Processing /home/airflow/.local/lib/python3.7/site-packages/airflow/example_dags/tutorial_taskflow_api.py took 1.414 seconds
[2024-05-09T06:23:59.801+0000] {processor.py:154} INFO - Started process (PID=105) to work on /home/airflow/.local/lib/python3.7/site-packages/airflow/example_dags/tutorial_taskflow_api.py
[2024-05-09T06:23:59.804+0000] {processor.py:756} INFO - Processing file /home/airflow/.local/lib/python3.7/site-packages/airflow/example_dags/tutorial_taskflow_api.py for tasks to queue
[2024-05-09T06:23:59.807+0000] {logging_mixin.py:120} INFO - [2024-05-09T06:23:59.807+0000] {dagbag.py:537} INFO - Filling up the DagBag from /home/airflow/.local/lib/python3.7/site-packages/airflow/example_dags/tutorial_taskflow_api.py
[2024-05-09T06:23:59.893+0000] {processor.py:766} INFO - DAG(s) dict_keys(['tutorial_taskflow_api']) retrieved from /home/airflow/.local/lib/python3.7/site-packages/airflow/example_dags/tutorial_taskflow_api.py
[2024-05-09T06:24:00.031+0000] {logging_mixin.py:120} INFO - [2024-05-09T06:24:00.030+0000] {dag.py:2585} INFO - Sync 1 DAGs
[2024-05-09T06:24:00.135+0000] {logging_mixin.py:120} INFO - [2024-05-09T06:24:00.135+0000] {dag.py:3340} INFO - Setting next_dagrun for tutorial_taskflow_api to None, run_after=None
[2024-05-09T06:24:00.464+0000] {processor.py:176} INFO - Processing /home/airflow/.local/lib/python3.7/site-packages/airflow/example_dags/tutorial_taskflow_api.py took 0.674 seconds
[2024-05-09T06:24:30.700+0000] {processor.py:154} INFO - Started process (PID=158) to work on /home/airflow/.local/lib/python3.7/site-packages/airflow/example_dags/tutorial_taskflow_api.py
[2024-05-09T06:24:30.702+0000] {processor.py:756} INFO - Processing file /home/airflow/.local/lib/python3.7/site-packages/airflow/example_dags/tutorial_taskflow_api.py for tasks to queue
[2024-05-09T06:24:30.704+0000] {logging_mixin.py:120} INFO - [2024-05-09T06:24:30.703+0000] {dagbag.py:537} INFO - Filling up the DagBag from /home/airflow/.local/lib/python3.7/site-packages/airflow/example_dags/tutorial_taskflow_api.py
[2024-05-09T06:24:30.734+0000] {processor.py:766} INFO - DAG(s) dict_keys(['tutorial_taskflow_api']) retrieved from /home/airflow/.local/lib/python3.7/site-packages/airflow/example_dags/tutorial_taskflow_api.py
[2024-05-09T06:24:30.830+0000] {logging_mixin.py:120} INFO - [2024-05-09T06:24:30.830+0000] {dag.py:2585} INFO - Sync 1 DAGs
[2024-05-09T06:24:30.890+0000] {logging_mixin.py:120} INFO - [2024-05-09T06:24:30.890+0000] {dag.py:3340} INFO - Setting next_dagrun for tutorial_taskflow_api to None, run_after=None
[2024-05-09T06:24:30.950+0000] {processor.py:176} INFO - Processing /home/airflow/.local/lib/python3.7/site-packages/airflow/example_dags/tutorial_taskflow_api.py took 0.254 seconds
